[09:05:36] [main/DEBUG] [FML/]: Injecting tracing printstreams for STDOUT/STDERR.
[09:05:36] [main/INFO] [FML/]: Forge Mod Loader version 11.14.3.1515 for Minecraft 1.8 loading
[09:05:37] [main/INFO] [FML/]: Java is Java HotSpot(TM) 64-Bit Server VM, version 1.8.0_60, running on Windows 7:amd64:6.1, installed at C:\Program Files\Java\jre1.8.0_60
[09:05:37] [main/DEBUG] [FML/]: Java classpath at launch is C:\Users\toni\Desktop\Magiology 1.8\bin;C:\Users\toni\.gradle\caches\minecraft\net\minecraftforge\forge\1.8-11.14.3.1515\snapshot\20141130\forgeSrc-1.8-11.14.3.1515.jar;C:\Users\toni\.gradle\caches\modules-2\files-2.1\net.minecraft\launchwrapper\1.12\111e7bea9c968cdb3d06ef4632bf7ff0824d0f36\launchwrapper-1.12.jar;C:\Users\toni\.gradle\caches\modules-2\files-2.1\org.ow2.asm\asm-debug-all\5.0.3\f9e364ae2a66ce2a543012a4668856e84e5dab74\asm-debug-all-5.0.3.jar;C:\Users\toni\.gradle\caches\modules-2\files-2.1\com.typesafe.akka\akka-actor_2.11\2.3.3\ed62e9fc709ca0f2ff1a3220daa8b70a2870078e\akka-actor_2.11-2.3.3.jar;C:\Users\toni\.gradle\caches\modules-2\files-2.1\com.typesafe\config\1.2.1\f771f71fdae3df231bcd54d5ca2d57f0bf93f467\config-1.2.1.jar;C:\Users\toni\.gradle\caches\modules-2\files-2.1\org.scala-lang\scala-actors-migration_2.11\1.1.0\dfa8bc42b181d5b9f1a5dd147f8ae308b893eb6f\scala-actors-migration_2.11-1.1.0.jar;C:\Users\toni\.gradle\caches\modules-2\files-2.1\org.scala-lang\scala-compiler\2.11.1\56ea2e6c025e0821f28d73ca271218b8dd04926a\scala-compiler-2.11.1.jar;C:\Users\toni\.gradle\caches\modules-2\files-2.1\org.scala-lang.plugins\scala-continuations-library_2.11\1.0.2\e517c53a7e9acd6b1668c5a35eccbaa3bab9aac\scala-continuations-library_2.11-1.0.2.jar;C:\Users\toni\.gradle\caches\modules-2\files-2.1\org.scala-lang.plugins\scala-continuations-plugin_2.11.1\1.0.2\f361a3283452c57fa30c1ee69448995de23c60f7\scala-continuations-plugin_2.11.1-1.0.2.jar;C:\Users\toni\.gradle\caches\modules-2\files-2.1\org.scala-lang\scala-library\2.11.1\e11da23da3eabab9f4777b9220e60d44c1aab6a\scala-library-2.11.1.jar;C:\Users\toni\.gradle\caches\modules-2\files-2.1\org.scala-lang.modules\scala-parser-combinators_2.11\1.0.1\f05d7345bf5a58924f2837c6c1f4d73a938e1ff0\scala-parser-combinators_2.11-1.0.1.jar;C:\Users\toni\.gradle\caches\modules-2\files-2.1\org.scala-lang\scala-reflect\2.11.1\6580347e61cc7f8e802941e7fde40fa83b8badeb\scala-reflect-2.11.1.jar;C:\Users\toni\.gradle\caches\modules-2\files-2.1\org.scala-lang.modules\scala-swing_2.11\1.0.1\b1cdd92bd47b1e1837139c1c53020e86bb9112ae\scala-swing_2.11-1.0.1.jar;C:\Users\toni\.gradle\caches\modules-2\files-2.1\org.scala-lang.modules\scala-xml_2.11\1.0.2\820fbca7e524b530fdadc594c39d49a21ea0337e\scala-xml_2.11-1.0.2.jar;C:\Users\toni\.gradle\caches\modules-2\files-2.1\lzma\lzma\0.0.1\521616dc7487b42bef0e803bd2fa3faf668101d7\lzma-0.0.1.jar;C:\Users\toni\.gradle\caches\modules-2\files-2.1\java3d\vecmath\1.5.2\79846ba34cbd89e2422d74d53752f993dcc2ccaf\vecmath-1.5.2.jar;C:\Users\toni\.gradle\caches\modules-2\files-2.1\net.sf.trove4j\trove4j\3.0.3\42ccaf4761f0dfdfa805c9e340d99a755907e2dd\trove4j-3.0.3.jar;C:\Users\toni\.gradle\caches\modules-2\files-2.1\com.ibm.icu\icu4j-core-mojang\51.2\63d216a9311cca6be337c1e458e587f99d382b84\icu4j-core-mojang-51.2.jar;C:\Users\toni\.gradle\caches\modules-2\files-2.1\net.sf.jopt-simple\jopt-simple\4.6\306816fb57cf94f108a43c95731b08934dcae15c\jopt-simple-4.6.jar;C:\Users\toni\.gradle\caches\modules-2\files-2.1\com.paulscode\codecjorbis\20101023\c73b5636faf089d9f00e8732a829577de25237ee\codecjorbis-20101023.jar;C:\Users\toni\.gradle\caches\modules-2\files-2.1\com.paulscode\codecwav\20101023\12f031cfe88fef5c1dd36c563c0a3a69bd7261da\codecwav-20101023.jar;C:\Users\toni\.gradle\caches\modules-2\files-2.1\com.paulscode\libraryjavasound\20101123\5c5e304366f75f9eaa2e8cca546a1fb6109348b3\libraryjavasound-20101123.jar;C:\Users\toni\.gradle\caches\modules-2\files-2.1\com.paulscode\librarylwjglopenal\20100824\73e80d0794c39665aec3f62eee88ca91676674ef\librarylwjglopenal-20100824.jar;C:\Users\toni\.gradle\caches\modules-2\files-2.1\com.paulscode\soundsystem\20120107\419c05fe9be71f792b2d76cfc9b67f1ed0fec7f6\soundsystem-20120107.jar;C:\Users\toni\.gradle\caches\modules-2\files-2.1\io.netty\netty-all\4.0.15.Final\85cad5eb4fc8ae2ecc990dc7c411771a091ded5\netty-all-4.0.15.Final.jar;C:\Users\toni\.gradle\caches\modules-2\files-2.1\com.google.guava\guava\17.0\9c6ef172e8de35fd8d4d8783e4821e57cdef7445\guava-17.0.jar;C:\Users\toni\.gradle\caches\modules-2\files-2.1\org.apache.commons\commons-lang3\3.3.2\90a3822c38ec8c996e84c16a3477ef632cbc87a3\commons-lang3-3.3.2.jar;C:\Users\toni\.gradle\caches\modules-2\files-2.1\commons-io\commons-io\2.4\b1b6ea3b7e4aa4f492509a4952029cd8e48019ad\commons-io-2.4.jar;C:\Users\toni\.gradle\caches\modules-2\files-2.1\commons-codec\commons-codec\1.9\9ce04e34240f674bc72680f8b843b1457383161a\commons-codec-1.9.jar;C:\Users\toni\.gradle\caches\modules-2\files-2.1\net.java.jinput\jinput\2.0.5\39c7796b469a600f72380316f6b1f11db6c2c7c4\jinput-2.0.5.jar;C:\Users\toni\.gradle\caches\modules-2\files-2.1\net.java.jutils\jutils\1.0.0\e12fe1fda814bd348c1579329c86943d2cd3c6a6\jutils-1.0.0.jar;C:\Users\toni\.gradle\caches\modules-2\files-2.1\com.google.code.gson\gson\2.2.4\a60a5e993c98c864010053cb901b7eab25306568\gson-2.2.4.jar;C:\Users\toni\.gradle\caches\modules-2\files-2.1\com.mojang\authlib\1.5.17\893a8c553c0cfc9b6fbdff023747e30152ab09ec\authlib-1.5.17.jar;C:\Users\toni\.gradle\caches\modules-2\files-2.1\com.mojang\realms\1.6.1\5655f6fb44aece10e5b3ad7cfee3e6936031c068\realms-1.6.1.jar;C:\Users\toni\.gradle\caches\modules-2\files-2.1\org.apache.commons\commons-compress\1.8.1\a698750c16740fd5b3871425f4cb3bbaa87f529d\commons-compress-1.8.1.jar;C:\Users\toni\.gradle\caches\modules-2\files-2.1\org.apache.httpcomponents\httpclient\4.3.3\18f4247ff4572a074444572cee34647c43e7c9c7\httpclient-4.3.3.jar;C:\Users\toni\.gradle\caches\modules-2\files-2.1\commons-logging\commons-logging\1.1.3\f6f66e966c70a83ffbdb6f17a0919eaf7c8aca7f\commons-logging-1.1.3.jar;C:\Users\toni\.gradle\caches\modules-2\files-2.1\org.apache.httpcomponents\httpcore\4.3.2\31fbbff1ddbf98f3aa7377c94d33b0447c646b6e\httpcore-4.3.2.jar;C:\Users\toni\.gradle\caches\modules-2\files-2.1\org.apache.logging.log4j\log4j-api\2.0-beta9\1dd66e68cccd907880229f9e2de1314bd13ff785\log4j-api-2.0-beta9.jar;C:\Users\toni\.gradle\caches\modules-2\files-2.1\org.apache.logging.log4j\log4j-core\2.0-beta9\678861ba1b2e1fccb594bb0ca03114bb05da9695\log4j-core-2.0-beta9.jar;C:\Users\toni\.gradle\caches\modules-2\files-2.1\org.lwjgl.lwjgl\lwjgl\2.9.1\f58c5aabcef0e41718a564be9f8e412fff8db847\lwjgl-2.9.1.jar;C:\Users\toni\.gradle\caches\modules-2\files-2.1\org.lwjgl.lwjgl\lwjgl_util\2.9.1\290d7ba8a1bd9566f5ddf16ad06f09af5ec9b20e\lwjgl_util-2.9.1.jar;C:\Users\toni\.gradle\caches\modules-2\files-2.1\tv.twitch\twitch\6.5\320a2dfd18513a5f41b4e75729df684488cbd925\twitch-6.5.jar;C:\Users\toni\.gradle\caches\modules-2\files-2.1\org.scala-lang\scala-actors\2.11.0\8ccfb6541de179bb1c4d45cf414acee069b7f78b\scala-actors-2.11.0.jar;C:\Users\toni\.gradle\caches\modules-2\files-2.1\net.java.jinput\jinput-platform\2.0.5\7ff832a6eb9ab6a767f1ade2b548092d0fa64795\jinput-platform-2.0.5-natives-linux.jar;C:\Users\toni\.gradle\caches\modules-2\files-2.1\net.java.jinput\jinput-platform\2.0.5\385ee093e01f587f30ee1c8a2ee7d408fd732e16\jinput-platform-2.0.5-natives-windows.jar;C:\Users\toni\.gradle\caches\modules-2\files-2.1\net.java.jinput\jinput-platform\2.0.5\53f9c919f34d2ca9de8c51fc4e1e8282029a9232\jinput-platform-2.0.5-natives-osx.jar;C:\Users\toni\.gradle\caches\modules-2\files-2.1\tv.twitch\twitch-platform\6.5\206c4ccaecdbcfd2a1631150c69a97bbc9c20c11\twitch-platform-6.5-natives-windows-32.jar;C:\Users\toni\.gradle\caches\modules-2\files-2.1\tv.twitch\twitch-platform\6.5\9fdd0fd5aed0817063dcf95b69349a171f447ebd\twitch-platform-6.5-natives-windows-64.jar;C:\Users\toni\.gradle\caches\modules-2\files-2.1\tv.twitch\twitch-platform\6.5\5f9d1ee26257b3a33f0ca06fed335ef462af659f\twitch-platform-6.5-natives-osx.jar;C:\Users\toni\.gradle\caches\modules-2\files-2.1\tv.twitch\twitch-external-platform\4.5\18215140f010c05b9f86ef6f0f8871954d2ccebf\twitch-external-platform-4.5-natives-windows-32.jar;C:\Users\toni\.gradle\caches\modules-2\files-2.1\tv.twitch\twitch-external-platform\4.5\c3cde57891b935d41b6680a9c5e1502eeab76d86\twitch-external-platform-4.5-natives-windows-64.jar;C:\Users\toni\.gradle\caches\modules-2\files-2.1\org.lwjgl.lwjgl\lwjgl-platform\2.9.1\4c517eca808522457dd95ee8fc1fbcdbb602efbe\lwjgl-platform-2.9.1-natives-windows.jar;C:\Users\toni\.gradle\caches\modules-2\files-2.1\org.lwjgl.lwjgl\lwjgl-platform\2.9.1\aa9aae879af8eb378e22cfc64db56ec2ca9a44d1\lwjgl-platform-2.9.1-natives-linux.jar;C:\Users\toni\.gradle\caches\modules-2\files-2.1\org.lwjgl.lwjgl\lwjgl-platform\2.9.1\2d12c83fdfbc04ecabf02c7bc8cc54d034f0daac\lwjgl-platform-2.9.1-natives-osx.jar;C:\Users\toni\.gradle\caches\modules-2\files-2.1\com.google.code.findbugs\jsr305\2.0.1\516c03b21d50a644d538de0f0369c620989cd8f0\jsr305-2.0.1.jar;C:\Users\toni\.gradle\caches\minecraft\deobfedDeps\compileDummy.jar;C:\Users\toni\.gradle\caches\minecraft\deobfedDeps\providedDummy.jar;C:\Users\toni\.gradle\caches\minecraft\net\minecraftforge\forge\1.8-11.14.3.1515\start
[09:05:37] [main/DEBUG] [FML/]: Java library path at launch is C:\Program Files\Java\jre1.8.0_60\bin;C:\Windows\Sun\Java\bin;C:\Windows\system32;C:\Windows;C:/Program Files/Java/jre1.8.0_60/bin/server;C:/Program Files/Java/jre1.8.0_60/bin;C:/Program Files/Java/jre1.8.0_60/lib/amd64;C:\ProgramData\Oracle\Java\javapath;C:\Program Files\Common Files\Microsoft Shared\Windows Live;C:\Program Files (x86)\Common Files\Microsoft Shared\Windows Live;C:\Windows\system32;C:\Windows;C:\Windows\system32\wbem;C:\Windows\System32\WindowsPowerShell\v1.0;C:\Program Files (x86)\ATI Technologies\ATI.ACE\Core-Static;C:\Program Files (x86)\Calibre2;C:\Program Files (x86)\NVIDIA Corporation\DDS Utilities;C:\Program Files (x86)\Adobe\Photoshop 7.0;C:\Program Files (x86)\Common Files\Autodesk Shared;C:\Program Files (x86)\Autodesk\Backburner;C:\Program Files (x86)\QuickTime\QTSystem;C:\Program Files (x86)\QuickTime\QTSystem\;C:\Program Files (x86)\scala\bin;C:\Users\toni\Desktop\Forge mods eclipse;C:\Program Files (x86)\Skype\Phone\;C:\Program Files\Java\jdk7\bin;C:\Users\toni\Desktop\Forge mods eclipse;C:\Users\toni\Desktop\eclipse;;.;C:/Users/toni/.gradle/caches/minecraft/net/minecraft/natives/1.8
[09:05:37] [main/INFO] [FML/]: Managed to load a deobfuscated Minecraft name- we are in a deobfuscated environment. Skipping runtime deobfuscation
[09:05:37] [main/DEBUG] [FML/]: Instantiating coremod class FMLCorePlugin
[09:05:37] [main/DEBUG] [FML/]: Added access transformer class net.minecraftforge.fml.common.asm.transformers.AccessTransformer to enqueued access transformers
[09:05:37] [main/DEBUG] [FML/]: Enqueued coremod FMLCorePlugin
[09:05:37] [main/DEBUG] [FML/]: Instantiating coremod class FMLForgePlugin
[09:05:37] [main/DEBUG] [FML/]: Enqueued coremod FMLForgePlugin
[09:05:37] [main/DEBUG] [FML/]: All fundamental core mods are successfully located
[09:05:37] [main/DEBUG] [FML/]: Attempting to load commandline specified mods, relative to C:\Users\toni\Desktop\Magiology 1.8\eclipse\.
[09:05:37] [main/DEBUG] [FML/]: Discovering coremods
[09:05:37] [main/INFO] [LaunchWrapper/]: Loading tweak class name net.minecraftforge.fml.common.launcher.FMLInjectionAndSortingTweaker
[09:05:37] [main/INFO] [LaunchWrapper/]: Loading tweak class name net.minecraftforge.fml.common.launcher.FMLDeobfTweaker
[09:05:37] [main/INFO] [LaunchWrapper/]: Calling tweak class net.minecraftforge.fml.common.launcher.FMLInjectionAndSortingTweaker
[09:05:37] [main/INFO] [LaunchWrapper/]: Calling tweak class net.minecraftforge.fml.common.launcher.FMLInjectionAndSortingTweaker
[09:05:37] [main/INFO] [LaunchWrapper/]: Calling tweak class net.minecraftforge.fml.relauncher.CoreModManager$FMLPluginWrapper
[09:05:37] [main/DEBUG] [FML/]: Injecting coremod FMLCorePlugin {net.minecraftforge.fml.relauncher.FMLCorePlugin} class transformers
[09:05:37] [main/TRACE] [FML/]: Registering transformer net.minecraftforge.fml.common.asm.transformers.BlamingTransformer
[09:05:37] [main/TRACE] [FML/]: Registering transformer net.minecraftforge.fml.common.asm.transformers.SideTransformer
[09:05:37] [main/TRACE] [FML/]: Registering transformer net.minecraftforge.fml.common.asm.transformers.EventSubscriptionTransformer
[09:05:37] [main/TRACE] [FML/]: Registering transformer net.minecraftforge.fml.common.asm.transformers.EventSubscriberTransformer
[09:05:37] [main/DEBUG] [FML/]: Injection complete
[09:05:37] [main/DEBUG] [FML/]: Running coremod plugin for FMLCorePlugin {net.minecraftforge.fml.relauncher.FMLCorePlugin}
[09:05:37] [main/DEBUG] [FML/]: Running coremod plugin FMLCorePlugin
[09:05:37] [main/ERROR] [FML/]: The binary patch set is missing. Either you are in a development environment, or things are not going to work!
[09:05:42] [main/ERROR] [FML/]: FML appears to be missing any signature data. This is not a good thing
[09:05:42] [main/DEBUG] [FML/]: Coremod plugin class FMLCorePlugin run successfully
[09:05:42] [main/INFO] [LaunchWrapper/]: Calling tweak class net.minecraftforge.fml.relauncher.CoreModManager$FMLPluginWrapper
[09:05:42] [main/DEBUG] [FML/]: Injecting coremod FMLForgePlugin {net.minecraftforge.classloading.FMLForgePlugin} class transformers
[09:05:42] [main/TRACE] [FML/]: Registering transformer net.minecraftforge.classloading.FluidIdTransformer
[09:05:42] [main/DEBUG] [FML/]: Injection complete
[09:05:42] [main/DEBUG] [FML/]: Running coremod plugin for FMLForgePlugin {net.minecraftforge.classloading.FMLForgePlugin}
[09:05:42] [main/DEBUG] [FML/]: Running coremod plugin FMLForgePlugin
[09:05:42] [main/DEBUG] [FML/]: Coremod plugin class FMLForgePlugin run successfully
[09:05:42] [main/INFO] [LaunchWrapper/]: Calling tweak class net.minecraftforge.fml.common.launcher.FMLDeobfTweaker
[09:05:42] [main/DEBUG] [FML/]: Loaded 159 rules from AccessTransformer config file forge_at.cfg
[09:05:42] [main/DEBUG] [FML/]: Validating minecraft
[09:05:43] [main/DEBUG] [FML/]: Minecraft validated, launching...
[09:05:43] [main/INFO] [LaunchWrapper/]: Loading tweak class name net.minecraftforge.fml.common.launcher.TerminalTweaker
[09:05:43] [main/INFO] [LaunchWrapper/]: Calling tweak class net.minecraftforge.fml.common.launcher.TerminalTweaker
[09:05:43] [main/INFO] [LaunchWrapper/]: Launching wrapped minecraft {net.minecraft.client.main.Main}
[09:05:54] [Client thread/DEBUG] [FML/]: Bar Finished: Loading Resource - LanguageManager took 0,019s
[09:05:54] [Client thread/INFO] [STDOUT/]: [net.minecraftforge.fml.client.SplashProgress:start:-1]: ---- Minecraft Crash Report ----
// My bad.

Time: 25.09.15. 09:05
Description: Loading screen debug info

This is just a prompt for computer specs to be printed. THIS IS NOT A ERROR


A detailed walkthrough of the error, its code path and all known details is as follows:
---------------------------------------------------------------------------------------

-- System Details --
Details:
	Minecraft Version: 1.8
	Operating System: Windows 7 (amd64) version 6.1
	Java Version: 1.8.0_60, Oracle Corporation
	Java VM Version: Java HotSpot(TM) 64-Bit Server VM (mixed mode), Oracle Corporation
	Memory: 968486944 bytes (923 MB) / 1056309248 bytes (1007 MB) up to 1056309248 bytes (1007 MB)
	JVM Flags: 4 total; -Xincgc -Xmx1024M -Xms1024M -Xmx1024M
	IntCache: cache: 0, tcache: 0, allocated: 0, tallocated: 0
	FML: 
	Loaded coremods (and transformers): 
	GL info: ' Vendor: 'ATI Technologies Inc.' Version: '4.1.10750 Compatibility Profile Context' Renderer: 'ATI Radeon HD 5700 Series '
[09:05:54] [Client thread/INFO] [MinecraftForge/]: Attempting early MinecraftForge initialization
[09:05:54] [Client thread/INFO] [FML/]: MinecraftForge v11.14.3.1515 Initialized
[09:05:54] [Client thread/INFO] [FML/]: Replaced 204 ore recipies
[09:05:54] [Client thread/INFO] [MinecraftForge/]: Completed early MinecraftForge initialization
[09:05:54] [Client thread/DEBUG] [FML/]: File C:\Users\toni\Desktop\Magiology 1.8\eclipse\config\injectedDependencies.json not found. No dependencies injected
[09:05:55] [Client thread/DEBUG] [FML/]: Building injected Mod Containers [net.minecraftforge.fml.common.FMLContainer, net.minecraftforge.common.ForgeModContainer]
[09:05:55] [Client thread/DEBUG] [FML/]: Attempting to load mods contained in the minecraft jar file and associated classes
[09:05:55] [Client thread/DEBUG] [FML/]: Found a minecraft related directory at C:\Users\toni\Desktop\Magiology 1.8\bin, examining for mod candidates
[09:05:55] [Client thread/DEBUG] [FML/]: Found a minecraft related file at C:\Users\toni\.gradle\caches\minecraft\net\minecraftforge\forge\1.8-11.14.3.1515\snapshot\20141130\forgeSrc-1.8-11.14.3.1515.jar, examining for mod candidates
[09:05:55] [Client thread/TRACE] [FML/]: Skipping known library file C:\Users\toni\.gradle\caches\modules-2\files-2.1\net.minecraft\launchwrapper\1.12\111e7bea9c968cdb3d06ef4632bf7ff0824d0f36\launchwrapper-1.12.jar
[09:05:55] [Client thread/DEBUG] [FML/]: Found a minecraft related file at C:\Users\toni\.gradle\caches\modules-2\files-2.1\org.ow2.asm\asm-debug-all\5.0.3\f9e364ae2a66ce2a543012a4668856e84e5dab74\asm-debug-all-5.0.3.jar, examining for mod candidates
[09:05:55] [Client thread/TRACE] [FML/]: Skipping known library file C:\Users\toni\.gradle\caches\modules-2\files-2.1\com.typesafe.akka\akka-actor_2.11\2.3.3\ed62e9fc709ca0f2ff1a3220daa8b70a2870078e\akka-actor_2.11-2.3.3.jar
[09:05:55] [Client thread/TRACE] [FML/]: Skipping known library file C:\Users\toni\.gradle\caches\modules-2\files-2.1\com.typesafe\config\1.2.1\f771f71fdae3df231bcd54d5ca2d57f0bf93f467\config-1.2.1.jar
[09:05:55] [Client thread/TRACE] [FML/]: Skipping known library file C:\Users\toni\.gradle\caches\modules-2\files-2.1\org.scala-lang\scala-actors-migration_2.11\1.1.0\dfa8bc42b181d5b9f1a5dd147f8ae308b893eb6f\scala-actors-migration_2.11-1.1.0.jar
[09:05:55] [Client thread/TRACE] [FML/]: Skipping known library file C:\Users\toni\.gradle\caches\modules-2\files-2.1\org.scala-lang\scala-compiler\2.11.1\56ea2e6c025e0821f28d73ca271218b8dd04926a\scala-compiler-2.11.1.jar
[09:05:55] [Client thread/TRACE] [FML/]: Skipping known library file C:\Users\toni\.gradle\caches\modules-2\files-2.1\org.scala-lang.plugins\scala-continuations-library_2.11\1.0.2\e517c53a7e9acd6b1668c5a35eccbaa3bab9aac\scala-continuations-library_2.11-1.0.2.jar
[09:05:55] [Client thread/TRACE] [FML/]: Skipping known library file C:\Users\toni\.gradle\caches\modules-2\files-2.1\org.scala-lang.plugins\scala-continuations-plugin_2.11.1\1.0.2\f361a3283452c57fa30c1ee69448995de23c60f7\scala-continuations-plugin_2.11.1-1.0.2.jar
[09:05:55] [Client thread/TRACE] [FML/]: Skipping known library file C:\Users\toni\.gradle\caches\modules-2\files-2.1\org.scala-lang\scala-library\2.11.1\e11da23da3eabab9f4777b9220e60d44c1aab6a\scala-library-2.11.1.jar
[09:05:55] [Client thread/TRACE] [FML/]: Skipping known library file C:\Users\toni\.gradle\caches\modules-2\files-2.1\org.scala-lang.modules\scala-parser-combinators_2.11\1.0.1\f05d7345bf5a58924f2837c6c1f4d73a938e1ff0\scala-parser-combinators_2.11-1.0.1.jar
[09:05:55] [Client thread/TRACE] [FML/]: Skipping known library file C:\Users\toni\.gradle\caches\modules-2\files-2.1\org.scala-lang\scala-reflect\2.11.1\6580347e61cc7f8e802941e7fde40fa83b8badeb\scala-reflect-2.11.1.jar
[09:05:55] [Client thread/TRACE] [FML/]: Skipping known library file C:\Users\toni\.gradle\caches\modules-2\files-2.1\org.scala-lang.modules\scala-swing_2.11\1.0.1\b1cdd92bd47b1e1837139c1c53020e86bb9112ae\scala-swing_2.11-1.0.1.jar
[09:05:55] [Client thread/TRACE] [FML/]: Skipping known library file C:\Users\toni\.gradle\caches\modules-2\files-2.1\org.scala-lang.modules\scala-xml_2.11\1.0.2\820fbca7e524b530fdadc594c39d49a21ea0337e\scala-xml_2.11-1.0.2.jar
[09:05:55] [Client thread/TRACE] [FML/]: Skipping known library file C:\Users\toni\.gradle\caches\modules-2\files-2.1\lzma\lzma\0.0.1\521616dc7487b42bef0e803bd2fa3faf668101d7\lzma-0.0.1.jar
[09:05:55] [Client thread/TRACE] [FML/]: Skipping known library file C:\Users\toni\.gradle\caches\modules-2\files-2.1\java3d\vecmath\1.5.2\79846ba34cbd89e2422d74d53752f993dcc2ccaf\vecmath-1.5.2.jar
[09:05:55] [Client thread/TRACE] [FML/]: Skipping known library file C:\Users\toni\.gradle\caches\modules-2\files-2.1\net.sf.trove4j\trove4j\3.0.3\42ccaf4761f0dfdfa805c9e340d99a755907e2dd\trove4j-3.0.3.jar
[09:05:55] [Client thread/TRACE] [FML/]: Skipping known library file C:\Users\toni\.gradle\caches\modules-2\files-2.1\com.ibm.icu\icu4j-core-mojang\51.2\63d216a9311cca6be337c1e458e587f99d382b84\icu4j-core-mojang-51.2.jar
[09:05:55] [Client thread/TRACE] [FML/]: Skipping known library file C:\Users\toni\.gradle\caches\modules-2\files-2.1\net.sf.jopt-simple\jopt-simple\4.6\306816fb57cf94f108a43c95731b08934dcae15c\jopt-simple-4.6.jar
[09:05:55] [Client thread/TRACE] [FML/]: Skipping known library file C:\Users\toni\.gradle\caches\modules-2\files-2.1\com.paulscode\codecjorbis\20101023\c73b5636faf089d9f00e8732a829577de25237ee\codecjorbis-20101023.jar
[09:05:55] [Client thread/TRACE] [FML/]: Skipping known library file C:\Users\toni\.gradle\caches\modules-2\files-2.1\com.paulscode\codecwav\20101023\12f031cfe88fef5c1dd36c563c0a3a69bd7261da\codecwav-20101023.jar
[09:05:55] [Client thread/DEBUG] [FML/]: Found a minecraft related file at C:\Users\toni\.gradle\caches\modules-2\files-2.1\com.paulscode\libraryjavasound\20101123\5c5e304366f75f9eaa2e8cca546a1fb6109348b3\libraryjavasound-20101123.jar, examining for mod candidates
[09:05:55] [Client thread/TRACE] [FML/]: Skipping known library file C:\Users\toni\.gradle\caches\modules-2\files-2.1\com.paulscode\librarylwjglopenal\20100824\73e80d0794c39665aec3f62eee88ca91676674ef\librarylwjglopenal-20100824.jar
[09:05:55] [Client thread/TRACE] [FML/]: Skipping known library file C:\Users\toni\.gradle\caches\modules-2\files-2.1\com.paulscode\soundsystem\20120107\419c05fe9be71f792b2d76cfc9b67f1ed0fec7f6\soundsystem-20120107.jar
[09:05:55] [Client thread/TRACE] [FML/]: Skipping known library file C:\Users\toni\.gradle\caches\modules-2\files-2.1\io.netty\netty-all\4.0.15.Final\85cad5eb4fc8ae2ecc990dc7c411771a091ded5\netty-all-4.0.15.Final.jar
[09:05:55] [Client thread/DEBUG] [FML/]: Found a minecraft related file at C:\Users\toni\.gradle\caches\modules-2\files-2.1\com.google.guava\guava\17.0\9c6ef172e8de35fd8d4d8783e4821e57cdef7445\guava-17.0.jar, examining for mod candidates
[09:05:55] [Client thread/TRACE] [FML/]: Skipping known library file C:\Users\toni\.gradle\caches\modules-2\files-2.1\org.apache.commons\commons-lang3\3.3.2\90a3822c38ec8c996e84c16a3477ef632cbc87a3\commons-lang3-3.3.2.jar
[09:05:55] [Client thread/TRACE] [FML/]: Skipping known library file C:\Users\toni\.gradle\caches\modules-2\files-2.1\commons-io\commons-io\2.4\b1b6ea3b7e4aa4f492509a4952029cd8e48019ad\commons-io-2.4.jar
[09:05:55] [Client thread/TRACE] [FML/]: Skipping known library file C:\Users\toni\.gradle\caches\modules-2\files-2.1\commons-codec\commons-codec\1.9\9ce04e34240f674bc72680f8b843b1457383161a\commons-codec-1.9.jar
[09:05:55] [Client thread/TRACE] [FML/]: Skipping known library file C:\Users\toni\.gradle\caches\modules-2\files-2.1\net.java.jinput\jinput\2.0.5\39c7796b469a600f72380316f6b1f11db6c2c7c4\jinput-2.0.5.jar
[09:05:55] [Client thread/TRACE] [FML/]: Skipping known library file C:\Users\toni\.gradle\caches\modules-2\files-2.1\net.java.jutils\jutils\1.0.0\e12fe1fda814bd348c1579329c86943d2cd3c6a6\jutils-1.0.0.jar
[09:05:55] [Client thread/TRACE] [FML/]: Skipping known library file C:\Users\toni\.gradle\caches\modules-2\files-2.1\com.google.code.gson\gson\2.2.4\a60a5e993c98c864010053cb901b7eab25306568\gson-2.2.4.jar
[09:05:55] [Client thread/TRACE] [FML/]: Skipping known library file C:\Users\toni\.gradle\caches\modules-2\files-2.1\com.mojang\authlib\1.5.17\893a8c553c0cfc9b6fbdff023747e30152ab09ec\authlib-1.5.17.jar
[09:05:55] [Client thread/TRACE] [FML/]: Skipping known library file C:\Users\toni\.gradle\caches\modules-2\files-2.1\com.mojang\realms\1.6.1\5655f6fb44aece10e5b3ad7cfee3e6936031c068\realms-1.6.1.jar
[09:05:55] [Client thread/TRACE] [FML/]: Skipping known library file C:\Users\toni\.gradle\caches\modules-2\files-2.1\org.apache.commons\commons-compress\1.8.1\a698750c16740fd5b3871425f4cb3bbaa87f529d\commons-compress-1.8.1.jar
[09:05:55] [Client thread/TRACE] [FML/]: Skipping known library file C:\Users\toni\.gradle\caches\modules-2\files-2.1\org.apache.httpcomponents\httpclient\4.3.3\18f4247ff4572a074444572cee34647c43e7c9c7\httpclient-4.3.3.jar
[09:05:55] [Client thread/TRACE] [FML/]: Skipping known library file C:\Users\toni\.gradle\caches\modules-2\files-2.1\commons-logging\commons-logging\1.1.3\f6f66e966c70a83ffbdb6f17a0919eaf7c8aca7f\commons-logging-1.1.3.jar
[09:05:55] [Client thread/TRACE] [FML/]: Skipping known library file C:\Users\toni\.gradle\caches\modules-2\files-2.1\org.apache.httpcomponents\httpcore\4.3.2\31fbbff1ddbf98f3aa7377c94d33b0447c646b6e\httpcore-4.3.2.jar
[09:05:55] [Client thread/TRACE] [FML/]: Skipping known library file C:\Users\toni\.gradle\caches\modules-2\files-2.1\org.apache.logging.log4j\log4j-api\2.0-beta9\1dd66e68cccd907880229f9e2de1314bd13ff785\log4j-api-2.0-beta9.jar
[09:05:55] [Client thread/TRACE] [FML/]: Skipping known library file C:\Users\toni\.gradle\caches\modules-2\files-2.1\org.apache.logging.log4j\log4j-core\2.0-beta9\678861ba1b2e1fccb594bb0ca03114bb05da9695\log4j-core-2.0-beta9.jar
[09:05:55] [Client thread/TRACE] [FML/]: Skipping known library file C:\Users\toni\.gradle\caches\modules-2\files-2.1\org.lwjgl.lwjgl\lwjgl\2.9.1\f58c5aabcef0e41718a564be9f8e412fff8db847\lwjgl-2.9.1.jar
[09:05:55] [Client thread/TRACE] [FML/]: Skipping known library file C:\Users\toni\.gradle\caches\modules-2\files-2.1\org.lwjgl.lwjgl\lwjgl_util\2.9.1\290d7ba8a1bd9566f5ddf16ad06f09af5ec9b20e\lwjgl_util-2.9.1.jar
[09:05:55] [Client thread/TRACE] [FML/]: Skipping known library file C:\Users\toni\.gradle\caches\modules-2\files-2.1\tv.twitch\twitch\6.5\320a2dfd18513a5f41b4e75729df684488cbd925\twitch-6.5.jar
[09:05:55] [Client thread/TRACE] [FML/]: Skipping known library file C:\Users\toni\.gradle\caches\modules-2\files-2.1\org.scala-lang\scala-actors\2.11.0\8ccfb6541de179bb1c4d45cf414acee069b7f78b\scala-actors-2.11.0.jar
[09:05:55] [Client thread/TRACE] [FML/]: Skipping known library file C:\Users\toni\.gradle\caches\modules-2\files-2.1\net.java.jinput\jinput-platform\2.0.5\7ff832a6eb9ab6a767f1ade2b548092d0fa64795\jinput-platform-2.0.5-natives-linux.jar
[09:05:55] [Client thread/TRACE] [FML/]: Skipping known library file C:\Users\toni\.gradle\caches\modules-2\files-2.1\net.java.jinput\jinput-platform\2.0.5\385ee093e01f587f30ee1c8a2ee7d408fd732e16\jinput-platform-2.0.5-natives-windows.jar
[09:05:55] [Client thread/TRACE] [FML/]: Skipping known library file C:\Users\toni\.gradle\caches\modules-2\files-2.1\net.java.jinput\jinput-platform\2.0.5\53f9c919f34d2ca9de8c51fc4e1e8282029a9232\jinput-platform-2.0.5-natives-osx.jar
[09:05:55] [Client thread/TRACE] [FML/]: Skipping known library file C:\Users\toni\.gradle\caches\modules-2\files-2.1\tv.twitch\twitch-platform\6.5\206c4ccaecdbcfd2a1631150c69a97bbc9c20c11\twitch-platform-6.5-natives-windows-32.jar
[09:05:55] [Client thread/TRACE] [FML/]: Skipping known library file C:\Users\toni\.gradle\caches\modules-2\files-2.1\tv.twitch\twitch-platform\6.5\9fdd0fd5aed0817063dcf95b69349a171f447ebd\twitch-platform-6.5-natives-windows-64.jar
[09:05:55] [Client thread/TRACE] [FML/]: Skipping known library file C:\Users\toni\.gradle\caches\modules-2\files-2.1\tv.twitch\twitch-platform\6.5\5f9d1ee26257b3a33f0ca06fed335ef462af659f\twitch-platform-6.5-natives-osx.jar
[09:05:55] [Client thread/TRACE] [FML/]: Skipping known library file C:\Users\toni\.gradle\caches\modules-2\files-2.1\tv.twitch\twitch-external-platform\4.5\18215140f010c05b9f86ef6f0f8871954d2ccebf\twitch-external-platform-4.5-natives-windows-32.jar
[09:05:55] [Client thread/TRACE] [FML/]: Skipping known library file C:\Users\toni\.gradle\caches\modules-2\files-2.1\tv.twitch\twitch-external-platform\4.5\c3cde57891b935d41b6680a9c5e1502eeab76d86\twitch-external-platform-4.5-natives-windows-64.jar
[09:05:55] [Client thread/TRACE] [FML/]: Skipping known library file C:\Users\toni\.gradle\caches\modules-2\files-2.1\org.lwjgl.lwjgl\lwjgl-platform\2.9.1\4c517eca808522457dd95ee8fc1fbcdbb602efbe\lwjgl-platform-2.9.1-natives-windows.jar
[09:05:55] [Client thread/TRACE] [FML/]: Skipping known library file C:\Users\toni\.gradle\caches\modules-2\files-2.1\org.lwjgl.lwjgl\lwjgl-platform\2.9.1\aa9aae879af8eb378e22cfc64db56ec2ca9a44d1\lwjgl-platform-2.9.1-natives-linux.jar
[09:05:55] [Client thread/TRACE] [FML/]: Skipping known library file C:\Users\toni\.gradle\caches\modules-2\files-2.1\org.lwjgl.lwjgl\lwjgl-platform\2.9.1\2d12c83fdfbc04ecabf02c7bc8cc54d034f0daac\lwjgl-platform-2.9.1-natives-osx.jar
[09:05:55] [Client thread/DEBUG] [FML/]: Found a minecraft related file at C:\Users\toni\.gradle\caches\modules-2\files-2.1\com.google.code.findbugs\jsr305\2.0.1\516c03b21d50a644d538de0f0369c620989cd8f0\jsr305-2.0.1.jar, examining for mod candidates
[09:05:55] [Client thread/DEBUG] [FML/]: Found a minecraft related file at C:\Users\toni\.gradle\caches\minecraft\deobfedDeps\compileDummy.jar, examining for mod candidates
[09:05:55] [Client thread/DEBUG] [FML/]: Found a minecraft related file at C:\Users\toni\.gradle\caches\minecraft\deobfedDeps\providedDummy.jar, examining for mod candidates
[09:05:55] [Client thread/DEBUG] [FML/]: Found a minecraft related directory at C:\Users\toni\.gradle\caches\minecraft\net\minecraftforge\forge\1.8-11.14.3.1515\start, examining for mod candidates
[09:05:55] [Client thread/DEBUG] [FML/]: Minecraft jar mods loaded successfully
[09:05:55] [Client thread/INFO] [FML/]: Found 0 mods from the command line. Injecting into mod discoverer
[09:05:55] [Client thread/INFO] [FML/]: Searching C:\Users\toni\Desktop\Magiology 1.8\eclipse\mods for mods
[09:05:55] [Client thread/DEBUG] [FML/]: Found a candidate mod directory 1.8
[09:05:55] [Client thread/INFO] [FML/]: Also searching C:\Users\toni\Desktop\Magiology 1.8\eclipse\mods\1.8 for mods
[09:05:55] [Client thread/DEBUG] [FML/]: Found a candidate mod directory Magiology
[09:05:55] [Client thread/DEBUG] [FML/]: Examining directory bin for potential mods
[09:05:55] [Client thread/DEBUG] [FML/]: Found an mcmod.info file in directory bin
[09:05:55] [Client thread/TRACE] [FML/]: Recursing into package assets
[09:05:55] [Client thread/TRACE] [FML/]: Recursing into package assets.magiology
[09:05:55] [Client thread/TRACE] [FML/]: Recursing into package assets.magiology.blockstates
[09:05:55] [Client thread/TRACE] [FML/]: Recursing into package assets.magiology.lang
[09:05:55] [Client thread/TRACE] [FML/]: Recursing into package assets.magiology.models
[09:05:55] [Client thread/TRACE] [FML/]: Recursing into package assets.magiology.models.block
[09:05:55] [Client thread/TRACE] [FML/]: Recursing into package assets.magiology.models.item
[09:05:55] [Client thread/TRACE] [FML/]: Recursing into package assets.magiology.models.textures
[09:05:55] [Client thread/TRACE] [FML/]: Recursing into package assets.magiology.sounds
[09:05:55] [Client thread/TRACE] [FML/]: Recursing into package assets.magiology.textures
[09:05:55] [Client thread/TRACE] [FML/]: Recursing into package assets.magiology.textures.blocks
[09:05:55] [Client thread/TRACE] [FML/]: Recursing into package assets.magiology.textures.gui
[09:05:55] [Client thread/TRACE] [FML/]: Recursing into package assets.magiology.textures.gui.fp
[09:05:55] [Client thread/TRACE] [FML/]: Recursing into package assets.magiology.textures.gui.statsgui
[09:05:55] [Client thread/TRACE] [FML/]: Recursing into package assets.magiology.textures.items
[09:05:55] [Client thread/TRACE] [FML/]: Recursing into package assets.magiology.textures.items.thehand
[09:05:55] [Client thread/TRACE] [FML/]: Recursing into package assets.magiology.textures.models
[09:05:55] [Client thread/TRACE] [FML/]: Recursing into package assets.magiology.textures.models.firepipe
[09:05:55] [Client thread/TRACE] [FML/]: Recursing into package assets.magiology.textures.models.powercounter
[09:05:55] [Client thread/TRACE] [FML/]: Recursing into package assets.magiology.textures.particle
[09:05:55] [Client thread/TRACE] [FML/]: Recursing into package assets.minecraft
[09:05:55] [Client thread/TRACE] [FML/]: Recursing into package assets.minecraft.shaders
[09:05:55] [Client thread/TRACE] [FML/]: Recursing into package assets.minecraft.shaders.post
[09:05:55] [Client thread/TRACE] [FML/]: Recursing into package assets.minecraft.shaders.program
[09:05:55] [Client thread/TRACE] [FML/]: Recursing into package assets.minecraft.textures
[09:05:55] [Client thread/TRACE] [FML/]: Recursing into package assets.minecraft.textures.gui
[09:05:55] [Client thread/TRACE] [FML/]: Recursing into package assets.minecraft.textures.gui.container
[09:05:55] [Client thread/TRACE] [FML/]: Recursing into package assets.minecraft.textures.gui.container.creative_inventory
[09:05:55] [Client thread/TRACE] [FML/]: Recursing into package com
[09:05:55] [Client thread/TRACE] [FML/]: Recursing into package com.magiology
[09:05:55] [Client thread/TRACE] [FML/]: Recursing into package com.magiology.api
[09:05:55] [Client thread/TRACE] [FML/]: Recursing into package com.magiology.api.connection
[09:05:55] [Client thread/TRACE] [FML/]: Recursing into package com.magiology.api.network
[09:05:55] [Client thread/TRACE] [FML/]: Recursing into package com.magiology.api.network.interfaces
[09:05:55] [Client thread/TRACE] [FML/]: Recursing into package com.magiology.api.network.interfaces.registration
[09:05:55] [Client thread/TRACE] [FML/]: Recursing into package com.magiology.api.network.skeleton
[09:05:55] [Client thread/TRACE] [FML/]: Recursing into package com.magiology.api.power
[09:05:55] [Client thread/TRACE] [FML/]: Recursing into package com.magiology.api.updateable
[09:05:55] [Client thread/TRACE] [FML/]: Recursing into package com.magiology.core
[09:05:55] [Client thread/TRACE] [FML/]: Recursing into package com.magiology.core.init
[09:05:55] [Client thread/DEBUG] [FML/]: Identified a mod of type Lnet/minecraftforge/fml/common/Mod; (com.magiology.core.Magiology) - loading
[09:05:55] [Client thread/TRACE] [magiology/]: Parsed dependency info : [] [] []
[09:05:55] [Client thread/TRACE] [FML/]: Recursing into package com.magiology.forgepowered
[09:05:55] [Client thread/TRACE] [FML/]: Recursing into package com.magiology.forgepowered.event
[09:05:55] [Client thread/TRACE] [FML/]: Recursing into package com.magiology.forgepowered.event.client
[09:05:55] [Client thread/TRACE] [FML/]: Recursing into package com.magiology.forgepowered.packets
[09:05:55] [Client thread/TRACE] [FML/]: Recursing into package com.magiology.forgepowered.packets.core
[09:05:55] [Client thread/TRACE] [FML/]: Recursing into package com.magiology.forgepowered.packets.packets
[09:05:55] [Client thread/TRACE] [FML/]: Recursing into package com.magiology.forgepowered.packets.packets.generic
[09:05:55] [Client thread/TRACE] [FML/]: Recursing into package com.magiology.forgepowered.proxy
[09:05:55] [Client thread/TRACE] [FML/]: Recursing into package com.magiology.gui
[09:05:55] [Client thread/TRACE] [FML/]: Recursing into package com.magiology.gui.container
[09:05:55] [Client thread/TRACE] [FML/]: Recursing into package com.magiology.gui.custom
[09:05:55] [Client thread/TRACE] [FML/]: Recursing into package com.magiology.gui.custom.guiparticels
[09:05:55] [Client thread/TRACE] [FML/]: Recursing into package com.magiology.gui.custom.hud
[09:05:55] [Client thread/TRACE] [FML/]: Recursing into package com.magiology.gui.gui
[09:05:55] [Client thread/TRACE] [FML/]: Recursing into package com.magiology.gui.guiutil
[09:05:55] [Client thread/TRACE] [FML/]: Recursing into package com.magiology.gui.guiutil.container
[09:05:55] [Client thread/TRACE] [FML/]: Recursing into package com.magiology.gui.guiutil.gui
[09:05:55] [Client thread/TRACE] [FML/]: Recursing into package com.magiology.gui.guiutil.gui.buttons
[09:05:55] [Client thread/TRACE] [FML/]: Recursing into package com.magiology.handelers
[09:05:55] [Client thread/TRACE] [FML/]: Recursing into package com.magiology.handelers.animationhandelers
[09:05:55] [Client thread/TRACE] [FML/]: Recursing into package com.magiology.handelers.obj
[09:05:55] [Client thread/TRACE] [FML/]: Recursing into package com.magiology.handelers.obj.handeler
[09:05:55] [Client thread/TRACE] [FML/]: Recursing into package com.magiology.handelers.obj.handeler.revived
[09:05:55] [Client thread/TRACE] [FML/]: Recursing into package com.magiology.handelers.obj.handeler.revived.yayformc1_8
[09:05:55] [Client thread/TRACE] [FML/]: Recursing into package com.magiology.handelers.obj.handeler.revived.yayformc1_8.obj
[09:05:55] [Client thread/TRACE] [FML/]: Recursing into package com.magiology.handelers.obj.handeler.revived.yayformc1_8.techne
[09:05:55] [Client thread/TRACE] [FML/]: Recursing into package com.magiology.handelers.web
[09:05:55] [Client thread/TRACE] [FML/]: Recursing into package com.magiology.io
[09:05:55] [Client thread/TRACE] [FML/]: Recursing into package com.magiology.mcobjects
[09:05:55] [Client thread/TRACE] [FML/]: Recursing into package com.magiology.mcobjects.blocks
[09:05:55] [Client thread/TRACE] [FML/]: Recursing into package com.magiology.mcobjects.blocks.fire
[09:05:56] [Client thread/TRACE] [FML/]: Recursing into package com.magiology.mcobjects.blocks.network
[09:05:56] [Client thread/TRACE] [FML/]: Recursing into package com.magiology.mcobjects.effect
[09:05:56] [Client thread/TRACE] [FML/]: Recursing into package com.magiology.mcobjects.entitys
[09:05:56] [Client thread/TRACE] [FML/]: Recursing into package com.magiology.mcobjects.items
[09:05:56] [Client thread/TRACE] [FML/]: Recursing into package com.magiology.mcobjects.items.armor
[09:05:56] [Client thread/TRACE] [FML/]: Recursing into package com.magiology.mcobjects.items.upgrades
[09:05:56] [Client thread/TRACE] [FML/]: Recursing into package com.magiology.mcobjects.items.upgrades.skeleton
[09:05:56] [Client thread/TRACE] [FML/]: Recursing into package com.magiology.mcobjects.tileentityes
[09:05:56] [Client thread/TRACE] [FML/]: Recursing into package com.magiology.mcobjects.tileentityes.baterys
[09:05:56] [Client thread/TRACE] [FML/]: Recursing into package com.magiology.mcobjects.tileentityes.corecomponents
[09:05:56] [Client thread/TRACE] [FML/]: Recursing into package com.magiology.mcobjects.tileentityes.corecomponents.powertiles
[09:05:56] [Client thread/TRACE] [FML/]: Recursing into package com.magiology.mcobjects.tileentityes.hologram
[09:05:56] [Client thread/TRACE] [FML/]: Recursing into package com.magiology.mcobjects.tileentityes.network
[09:05:56] [Client thread/TRACE] [FML/]: Recursing into package com.magiology.mcobjects.tileentityes.network.interfaces
[09:05:56] [Client thread/TRACE] [FML/]: Recursing into package com.magiology.projects
[09:05:56] [Client thread/TRACE] [FML/]: Recursing into package com.magiology.registry
[09:05:56] [Client thread/TRACE] [FML/]: Recursing into package com.magiology.registry.events
[09:05:56] [Client thread/TRACE] [FML/]: Recursing into package com.magiology.render
[09:05:56] [Client thread/TRACE] [FML/]: Recursing into package com.magiology.render.aftereffect
[09:05:56] [Client thread/TRACE] [FML/]: Recursing into package com.magiology.render.entityrender
[09:05:56] [Client thread/TRACE] [FML/]: Recursing into package com.magiology.render.itemrender
[09:05:56] [Client thread/TRACE] [FML/]: Recursing into package com.magiology.render.models
[09:05:56] [Client thread/TRACE] [FML/]: Recursing into package com.magiology.render.models.entitys
[09:05:56] [Client thread/TRACE] [FML/]: Recursing into package com.magiology.render.shaders
[09:05:56] [Client thread/TRACE] [FML/]: Recursing into package com.magiology.render.shaders.core
[09:05:56] [Client thread/TRACE] [FML/]: Recursing into package com.magiology.render.tilerender
[09:05:56] [Client thread/TRACE] [FML/]: Recursing into package com.magiology.render.tilerender.isbhrrender
[09:05:56] [Client thread/TRACE] [FML/]: Recursing into package com.magiology.render.tilerender.network
[09:05:56] [Client thread/TRACE] [FML/]: Recursing into package com.magiology.structures
[09:05:56] [Client thread/TRACE] [FML/]: Recursing into package com.magiology.util
[09:05:56] [Client thread/TRACE] [FML/]: Recursing into package com.magiology.util.renderers
[09:05:56] [Client thread/TRACE] [FML/]: Recursing into package com.magiology.util.renderers.tessellatorscripts
[09:05:56] [Client thread/TRACE] [FML/]: Recursing into package com.magiology.util.utilclasses
[09:05:56] [Client thread/TRACE] [FML/]: Recursing into package com.magiology.util.utilclasses.math
[09:05:56] [Client thread/TRACE] [FML/]: Recursing into package com.magiology.util.utilobjects
[09:05:56] [Client thread/TRACE] [FML/]: Recursing into package com.magiology.util.utilobjects.m_extension
[09:05:56] [Client thread/TRACE] [FML/]: Recursing into package com.magiology.util.utilobjects.m_extension.effect
[09:05:56] [Client thread/TRACE] [FML/]: Recursing into package com.magiology.util.utilobjects.vectors
[09:05:56] [Client thread/TRACE] [FML/]: Recursing into package com.magiology.windowsgui
[09:05:56] [Client thread/DEBUG] [FML/]: Examining file forgeSrc-1.8-11.14.3.1515.jar for potential mods
[09:05:56] [Client thread/DEBUG] [FML/]: The mod container forgeSrc-1.8-11.14.3.1515.jar appears to be missing an mcmod.info file
[09:05:58] [Client thread/DEBUG] [FML/]: Examining file asm-debug-all-5.0.3.jar for potential mods
[09:05:58] [Client thread/DEBUG] [FML/]: The mod container asm-debug-all-5.0.3.jar appears to be missing an mcmod.info file
[09:05:59] [Client thread/DEBUG] [FML/]: Examining file libraryjavasound-20101123.jar for potential mods
[09:05:59] [Client thread/DEBUG] [FML/]: The mod container libraryjavasound-20101123.jar appears to be missing an mcmod.info file
[09:05:59] [Client thread/DEBUG] [FML/]: Examining file guava-17.0.jar for potential mods
[09:05:59] [Client thread/DEBUG] [FML/]: The mod container guava-17.0.jar appears to be missing an mcmod.info file
