[19:58:52] [Client thread/INFO]: Setting user: Player907
[19:58:57] [Client thread/INFO]: LWJGL Version: 2.9.1
[19:59:09] [Client thread/INFO]: Reloading ResourceManager: Default, FMLFileResourcePack:Forge Mod Loader, FMLFileResourcePack:Minecraft Forge, FMLFileResourcePack:Magiology
[19:59:11] [Sound Library Loader/INFO]: Starting up SoundSystem...
[19:59:12] [Thread-10/INFO]: Initializing LWJGL OpenAL
[19:59:12] [Thread-10/INFO]: (The LWJGL binding of OpenAL.  For more information, see http://www.lwjgl.org)
[19:59:12] [Thread-10/INFO]: OpenAL initialized.
[19:59:12] [Sound Library Loader/INFO]: Sound engine started
[19:59:22] [Client thread/INFO]: Created: 16x16 textures-atlas
[19:59:25] [Client thread/WARN]: Failed to load texture: magiology:WTF!?!!
java.io.FileNotFoundException: magiology:WTF!?!!
	at net.minecraft.client.resources.FallbackResourceManager.getResource(FallbackResourceManager.java:70) ~[FallbackResourceManager.class:?]
	at net.minecraft.client.resources.SimpleReloadableResourceManager.getResource(SimpleReloadableResourceManager.java:67) ~[SimpleReloadableResourceManager.class:?]
	at net.minecraft.client.renderer.texture.SimpleTexture.loadTexture(SimpleTexture.java:34) ~[SimpleTexture.class:?]
	at net.minecraft.client.renderer.texture.TextureManager.loadTexture(TextureManager.java:70) [TextureManager.class:?]
	at com.magiology.render.Textures.getResource(Textures.java:119) [Textures.class:?]
	at com.magiology.render.Textures.postInit(Textures.java:57) [Textures.class:?]
	at com.magiology.core.Magiology.postInit(Magiology.java:120) [Magiology.class:?]
	at com.magiology.core.Magiology.postInitStarter(Magiology.java:132) [Magiology.class:?]
	at sun.reflect.NativeMethodAccessorImpl.invoke0(Native Method) ~[?:1.8.0_51]
	at sun.reflect.NativeMethodAccessorImpl.invoke(Unknown Source) ~[?:1.8.0_51]
	at sun.reflect.DelegatingMethodAccessorImpl.invoke(Unknown Source) ~[?:1.8.0_51]
	at java.lang.reflect.Method.invoke(Unknown Source) ~[?:1.8.0_51]
	at net.minecraftforge.fml.common.FMLModContainer.handleModStateEvent(FMLModContainer.java:537) [FMLModContainer.class:?]
	at sun.reflect.NativeMethodAccessorImpl.invoke0(Native Method) ~[?:1.8.0_51]
	at sun.reflect.NativeMethodAccessorImpl.invoke(Unknown Source) ~[?:1.8.0_51]
	at sun.reflect.DelegatingMethodAccessorImpl.invoke(Unknown Source) ~[?:1.8.0_51]
	at java.lang.reflect.Method.invoke(Unknown Source) ~[?:1.8.0_51]
	at com.google.common.eventbus.EventSubscriber.handleEvent(EventSubscriber.java:74) [guava-17.0.jar:?]
	at com.google.common.eventbus.SynchronizedEventSubscriber.handleEvent(SynchronizedEventSubscriber.java:47) [guava-17.0.jar:?]
	at com.google.common.eventbus.EventBus.dispatch(EventBus.java:322) [guava-17.0.jar:?]
	at com.google.common.eventbus.EventBus.dispatchQueuedEvents(EventBus.java:304) [guava-17.0.jar:?]
	at com.google.common.eventbus.EventBus.post(EventBus.java:275) [guava-17.0.jar:?]
	at net.minecraftforge.fml.common.LoadController.sendEventToModContainer(LoadController.java:212) [LoadController.class:?]
	at net.minecraftforge.fml.common.LoadController.propogateStateMessage(LoadController.java:190) [LoadController.class:?]
	at sun.reflect.NativeMethodAccessorImpl.invoke0(Native Method) ~[?:1.8.0_51]
	at sun.reflect.NativeMethodAccessorImpl.invoke(Unknown Source) ~[?:1.8.0_51]
	at sun.reflect.DelegatingMethodAccessorImpl.invoke(Unknown Source) ~[?:1.8.0_51]
	at java.lang.reflect.Method.invoke(Unknown Source) ~[?:1.8.0_51]
	at com.google.common.eventbus.EventSubscriber.handleEvent(EventSubscriber.java:74) [guava-17.0.jar:?]
	at com.google.common.eventbus.SynchronizedEventSubscriber.handleEvent(SynchronizedEventSubscriber.java:47) [guava-17.0.jar:?]
	at com.google.common.eventbus.EventBus.dispatch(EventBus.java:322) [guava-17.0.jar:?]
	at com.google.common.eventbus.EventBus.dispatchQueuedEvents(EventBus.java:304) [guava-17.0.jar:?]
	at com.google.common.eventbus.EventBus.post(EventBus.java:275) [guava-17.0.jar:?]
	at net.minecraftforge.fml.common.LoadController.distributeStateMessage(LoadController.java:119) [LoadController.class:?]
	at net.minecraftforge.fml.common.Loader.initializeMods(Loader.java:736) [Loader.class:?]
	at net.minecraftforge.fml.client.FMLClientHandler.finishMinecraftLoading(FMLClientHandler.java:316) [FMLClientHandler.class:?]
	at net.minecraft.client.Minecraft.startGame(Minecraft.java:528) [Minecraft.class:?]
	at net.minecraft.client.Minecraft.run(Minecraft.java:356) [Minecraft.class:?]
	at net.minecraft.client.main.Main.main(Main.java:117) [Main.class:?]
	at sun.reflect.NativeMethodAccessorImpl.invoke0(Native Method) ~[?:1.8.0_51]
	at sun.reflect.NativeMethodAccessorImpl.invoke(Unknown Source) ~[?:1.8.0_51]
	at sun.reflect.DelegatingMethodAccessorImpl.invoke(Unknown Source) ~[?:1.8.0_51]
	at java.lang.reflect.Method.invoke(Unknown Source) ~[?:1.8.0_51]
	at net.minecraft.launchwrapper.Launch.launch(Launch.java:135) [launchwrapper-1.12.jar:?]
	at net.minecraft.launchwrapper.Launch.main(Launch.java:28) [launchwrapper-1.12.jar:?]
	at net.minecraftforge.gradle.GradleStartCommon.launch(Unknown Source) [start/:?]
	at GradleStart.main(Unknown Source) [start/:?]
[19:59:25] [Client thread/WARN]: Failed to load texture: magiology:WTF!?!!
java.io.FileNotFoundException: magiology:WTF!?!!
	at net.minecraft.client.resources.FallbackResourceManager.getResource(FallbackResourceManager.java:70) ~[FallbackResourceManager.class:?]
	at net.minecraft.client.resources.SimpleReloadableResourceManager.getResource(SimpleReloadableResourceManager.java:67) ~[SimpleReloadableResourceManager.class:?]
	at net.minecraft.client.renderer.texture.SimpleTexture.loadTexture(SimpleTexture.java:34) ~[SimpleTexture.class:?]
	at net.minecraft.client.renderer.texture.TextureManager.loadTexture(TextureManager.java:70) [TextureManager.class:?]
	at com.magiology.render.Textures.getResource(Textures.java:119) [Textures.class:?]
	at com.magiology.render.Textures.postInit(Textures.java:58) [Textures.class:?]
	at com.magiology.core.Magiology.postInit(Magiology.java:120) [Magiology.class:?]
	at com.magiology.core.Magiology.postInitStarter(Magiology.java:132) [Magiology.class:?]
	at sun.reflect.NativeMethodAccessorImpl.invoke0(Native Method) ~[?:1.8.0_51]
	at sun.reflect.NativeMethodAccessorImpl.invoke(Unknown Source) ~[?:1.8.0_51]
	at sun.reflect.DelegatingMethodAccessorImpl.invoke(Unknown Source) ~[?:1.8.0_51]
	at java.lang.reflect.Method.invoke(Unknown Source) ~[?:1.8.0_51]
	at net.minecraftforge.fml.common.FMLModContainer.handleModStateEvent(FMLModContainer.java:537) [FMLModContainer.class:?]
	at sun.reflect.NativeMethodAccessorImpl.invoke0(Native Method) ~[?:1.8.0_51]
	at sun.reflect.NativeMethodAccessorImpl.invoke(Unknown Source) ~[?:1.8.0_51]
	at sun.reflect.DelegatingMethodAccessorImpl.invoke(Unknown Source) ~[?:1.8.0_51]
	at java.lang.reflect.Method.invoke(Unknown Source) ~[?:1.8.0_51]
	at com.google.common.eventbus.EventSubscriber.handleEvent(EventSubscriber.java:74) [guava-17.0.jar:?]
	at com.google.common.eventbus.SynchronizedEventSubscriber.handleEvent(SynchronizedEventSubscriber.java:47) [guava-17.0.jar:?]
	at com.google.common.eventbus.EventBus.dispatch(EventBus.java:322) [guava-17.0.jar:?]
	at com.google.common.eventbus.EventBus.dispatchQueuedEvents(EventBus.java:304) [guava-17.0.jar:?]
	at com.google.common.eventbus.EventBus.post(EventBus.java:275) [guava-17.0.jar:?]
	at net.minecraftforge.fml.common.LoadController.sendEventToModContainer(LoadController.java:212) [LoadController.class:?]
	at net.minecraftforge.fml.common.LoadController.propogateStateMessage(LoadController.java:190) [LoadController.class:?]
	at sun.reflect.NativeMethodAccessorImpl.invoke0(Native Method) ~[?:1.8.0_51]
	at sun.reflect.NativeMethodAccessorImpl.invoke(Unknown Source) ~[?:1.8.0_51]
	at sun.reflect.DelegatingMethodAccessorImpl.invoke(Unknown Source) ~[?:1.8.0_51]
	at java.lang.reflect.Method.invoke(Unknown Source) ~[?:1.8.0_51]
	at com.google.common.eventbus.EventSubscriber.handleEvent(EventSubscriber.java:74) [guava-17.0.jar:?]
	at com.google.common.eventbus.SynchronizedEventSubscriber.handleEvent(SynchronizedEventSubscriber.java:47) [guava-17.0.jar:?]
	at com.google.common.eventbus.EventBus.dispatch(EventBus.java:322) [guava-17.0.jar:?]
	at com.google.common.eventbus.EventBus.dispatchQueuedEvents(EventBus.java:304) [guava-17.0.jar:?]
	at com.google.common.eventbus.EventBus.post(EventBus.java:275) [guava-17.0.jar:?]
	at net.minecraftforge.fml.common.LoadController.distributeStateMessage(LoadController.java:119) [LoadController.class:?]
	at net.minecraftforge.fml.common.Loader.initializeMods(Loader.java:736) [Loader.class:?]
	at net.minecraftforge.fml.client.FMLClientHandler.finishMinecraftLoading(FMLClientHandler.java:316) [FMLClientHandler.class:?]
	at net.minecraft.client.Minecraft.startGame(Minecraft.java:528) [Minecraft.class:?]
	at net.minecraft.client.Minecraft.run(Minecraft.java:356) [Minecraft.class:?]
	at net.minecraft.client.main.Main.main(Main.java:117) [Main.class:?]
	at sun.reflect.NativeMethodAccessorImpl.invoke0(Native Method) ~[?:1.8.0_51]
	at sun.reflect.NativeMethodAccessorImpl.invoke(Unknown Source) ~[?:1.8.0_51]
	at sun.reflect.DelegatingMethodAccessorImpl.invoke(Unknown Source) ~[?:1.8.0_51]
	at java.lang.reflect.Method.invoke(Unknown Source) ~[?:1.8.0_51]
	at net.minecraft.launchwrapper.Launch.launch(Launch.java:135) [launchwrapper-1.12.jar:?]
	at net.minecraft.launchwrapper.Launch.main(Launch.java:28) [launchwrapper-1.12.jar:?]
	at net.minecraftforge.gradle.GradleStartCommon.launch(Unknown Source) [start/:?]
	at GradleStart.main(Unknown Source) [start/:?]
[19:59:25] [Client thread/WARN]: Failed to load texture: magiology:WTF!?!!
java.io.FileNotFoundException: magiology:WTF!?!!
	at net.minecraft.client.resources.FallbackResourceManager.getResource(FallbackResourceManager.java:70) ~[FallbackResourceManager.class:?]
	at net.minecraft.client.resources.SimpleReloadableResourceManager.getResource(SimpleReloadableResourceManager.java:67) ~[SimpleReloadableResourceManager.class:?]
	at net.minecraft.client.renderer.texture.SimpleTexture.loadTexture(SimpleTexture.java:34) ~[SimpleTexture.class:?]
	at net.minecraft.client.renderer.texture.TextureManager.loadTexture(TextureManager.java:70) [TextureManager.class:?]
	at com.magiology.render.Textures.getResource(Textures.java:119) [Textures.class:?]
	at com.magiology.render.Textures.postInit(Textures.java:59) [Textures.class:?]
	at com.magiology.core.Magiology.postInit(Magiology.java:120) [Magiology.class:?]
	at com.magiology.core.Magiology.postInitStarter(Magiology.java:132) [Magiology.class:?]
	at sun.reflect.NativeMethodAccessorImpl.invoke0(Native Method) ~[?:1.8.0_51]
	at sun.reflect.NativeMethodAccessorImpl.invoke(Unknown Source) ~[?:1.8.0_51]
	at sun.reflect.DelegatingMethodAccessorImpl.invoke(Unknown Source) ~[?:1.8.0_51]
	at java.lang.reflect.Method.invoke(Unknown Source) ~[?:1.8.0_51]
	at net.minecraftforge.fml.common.FMLModContainer.handleModStateEvent(FMLModContainer.java:537) [FMLModContainer.class:?]
	at sun.reflect.NativeMethodAccessorImpl.invoke0(Native Method) ~[?:1.8.0_51]
	at sun.reflect.NativeMethodAccessorImpl.invoke(Unknown Source) ~[?:1.8.0_51]
	at sun.reflect.DelegatingMethodAccessorImpl.invoke(Unknown Source) ~[?:1.8.0_51]
	at java.lang.reflect.Method.invoke(Unknown Source) ~[?:1.8.0_51]
	at com.google.common.eventbus.EventSubscriber.handleEvent(EventSubscriber.java:74) [guava-17.0.jar:?]
	at com.google.common.eventbus.SynchronizedEventSubscriber.handleEvent(SynchronizedEventSubscriber.java:47) [guava-17.0.jar:?]
	at com.google.common.eventbus.EventBus.dispatch(EventBus.java:322) [guava-17.0.jar:?]
	at com.google.common.eventbus.EventBus.dispatchQueuedEvents(EventBus.java:304) [guava-17.0.jar:?]
	at com.google.common.eventbus.EventBus.post(EventBus.java:275) [guava-17.0.jar:?]
	at net.minecraftforge.fml.common.LoadController.sendEventToModContainer(LoadController.java:212) [LoadController.class:?]
	at net.minecraftforge.fml.common.LoadController.propogateStateMessage(LoadController.java:190) [LoadController.class:?]
	at sun.reflect.NativeMethodAccessorImpl.invoke0(Native Method) ~[?:1.8.0_51]
	at sun.reflect.NativeMethodAccessorImpl.invoke(Unknown Source) ~[?:1.8.0_51]
	at sun.reflect.DelegatingMethodAccessorImpl.invoke(Unknown Source) ~[?:1.8.0_51]
	at java.lang.reflect.Method.invoke(Unknown Source) ~[?:1.8.0_51]
	at com.google.common.eventbus.EventSubscriber.handleEvent(EventSubscriber.java:74) [guava-17.0.jar:?]
	at com.google.common.eventbus.SynchronizedEventSubscriber.handleEvent(SynchronizedEventSubscriber.java:47) [guava-17.0.jar:?]
	at com.google.common.eventbus.EventBus.dispatch(EventBus.java:322) [guava-17.0.jar:?]
	at com.google.common.eventbus.EventBus.dispatchQueuedEvents(EventBus.java:304) [guava-17.0.jar:?]
	at com.google.common.eventbus.EventBus.post(EventBus.java:275) [guava-17.0.jar:?]
	at net.minecraftforge.fml.common.LoadController.distributeStateMessage(LoadController.java:119) [LoadController.class:?]
	at net.minecraftforge.fml.common.Loader.initializeMods(Loader.java:736) [Loader.class:?]
	at net.minecraftforge.fml.client.FMLClientHandler.finishMinecraftLoading(FMLClientHandler.java:316) [FMLClientHandler.class:?]
	at net.minecraft.client.Minecraft.startGame(Minecraft.java:528) [Minecraft.class:?]
	at net.minecraft.client.Minecraft.run(Minecraft.java:356) [Minecraft.class:?]
	at net.minecraft.client.main.Main.main(Main.java:117) [Main.class:?]
	at sun.reflect.NativeMethodAccessorImpl.invoke0(Native Method) ~[?:1.8.0_51]
	at sun.reflect.NativeMethodAccessorImpl.invoke(Unknown Source) ~[?:1.8.0_51]
	at sun.reflect.DelegatingMethodAccessorImpl.invoke(Unknown Source) ~[?:1.8.0_51]
	at java.lang.reflect.Method.invoke(Unknown Source) ~[?:1.8.0_51]
	at net.minecraft.launchwrapper.Launch.launch(Launch.java:135) [launchwrapper-1.12.jar:?]
	at net.minecraft.launchwrapper.Launch.main(Launch.java:28) [launchwrapper-1.12.jar:?]
	at net.minecraftforge.gradle.GradleStartCommon.launch(Unknown Source) [start/:?]
	at GradleStart.main(Unknown Source) [start/:?]
[19:59:25] [Client thread/WARN]: Failed to load texture: magiology:WTF!?!!
java.io.FileNotFoundException: magiology:WTF!?!!
	at net.minecraft.client.resources.FallbackResourceManager.getResource(FallbackResourceManager.java:70) ~[FallbackResourceManager.class:?]
	at net.minecraft.client.resources.SimpleReloadableResourceManager.getResource(SimpleReloadableResourceManager.java:67) ~[SimpleReloadableResourceManager.class:?]
	at net.minecraft.client.renderer.texture.SimpleTexture.loadTexture(SimpleTexture.java:34) ~[SimpleTexture.class:?]
	at net.minecraft.client.renderer.texture.TextureManager.loadTexture(TextureManager.java:70) [TextureManager.class:?]
	at com.magiology.render.Textures.getResource(Textures.java:119) [Textures.class:?]
	at com.magiology.render.Textures.postInit(Textures.java:60) [Textures.class:?]
	at com.magiology.core.Magiology.postInit(Magiology.java:120) [Magiology.class:?]
	at com.magiology.core.Magiology.postInitStarter(Magiology.java:132) [Magiology.class:?]
	at sun.reflect.NativeMethodAccessorImpl.invoke0(Native Method) ~[?:1.8.0_51]
	at sun.reflect.NativeMethodAccessorImpl.invoke(Unknown Source) ~[?:1.8.0_51]
	at sun.reflect.DelegatingMethodAccessorImpl.invoke(Unknown Source) ~[?:1.8.0_51]
	at java.lang.reflect.Method.invoke(Unknown Source) ~[?:1.8.0_51]
	at net.minecraftforge.fml.common.FMLModContainer.handleModStateEvent(FMLModContainer.java:537) [FMLModContainer.class:?]
	at sun.reflect.NativeMethodAccessorImpl.invoke0(Native Method) ~[?:1.8.0_51]
	at sun.reflect.NativeMethodAccessorImpl.invoke(Unknown Source) ~[?:1.8.0_51]
	at sun.reflect.DelegatingMethodAccessorImpl.invoke(Unknown Source) ~[?:1.8.0_51]
	at java.lang.reflect.Method.invoke(Unknown Source) ~[?:1.8.0_51]
	at com.google.common.eventbus.EventSubscriber.handleEvent(EventSubscriber.java:74) [guava-17.0.jar:?]
	at com.google.common.eventbus.SynchronizedEventSubscriber.handleEvent(SynchronizedEventSubscriber.java:47) [guava-17.0.jar:?]
	at com.google.common.eventbus.EventBus.dispatch(EventBus.java:322) [guava-17.0.jar:?]
	at com.google.common.eventbus.EventBus.dispatchQueuedEvents(EventBus.java:304) [guava-17.0.jar:?]
	at com.google.common.eventbus.EventBus.post(EventBus.java:275) [guava-17.0.jar:?]
	at net.minecraftforge.fml.common.LoadController.sendEventToModContainer(LoadController.java:212) [LoadController.class:?]
	at net.minecraftforge.fml.common.LoadController.propogateStateMessage(LoadController.java:190) [LoadController.class:?]
	at sun.reflect.NativeMethodAccessorImpl.invoke0(Native Method) ~[?:1.8.0_51]
	at sun.reflect.NativeMethodAccessorImpl.invoke(Unknown Source) ~[?:1.8.0_51]
	at sun.reflect.DelegatingMethodAccessorImpl.invoke(Unknown Source) ~[?:1.8.0_51]
	at java.lang.reflect.Method.invoke(Unknown Source) ~[?:1.8.0_51]
	at com.google.common.eventbus.EventSubscriber.handleEvent(EventSubscriber.java:74) [guava-17.0.jar:?]
	at com.google.common.eventbus.SynchronizedEventSubscriber.handleEvent(SynchronizedEventSubscriber.java:47) [guava-17.0.jar:?]
	at com.google.common.eventbus.EventBus.dispatch(EventBus.java:322) [guava-17.0.jar:?]
	at com.google.common.eventbus.EventBus.dispatchQueuedEvents(EventBus.java:304) [guava-17.0.jar:?]
	at com.google.common.eventbus.EventBus.post(EventBus.java:275) [guava-17.0.jar:?]
	at net.minecraftforge.fml.common.LoadController.distributeStateMessage(LoadController.java:119) [LoadController.class:?]
	at net.minecraftforge.fml.common.Loader.initializeMods(Loader.java:736) [Loader.class:?]
	at net.minecraftforge.fml.client.FMLClientHandler.finishMinecraftLoading(FMLClientHandler.java:316) [FMLClientHandler.class:?]
	at net.minecraft.client.Minecraft.startGame(Minecraft.java:528) [Minecraft.class:?]
	at net.minecraft.client.Minecraft.run(Minecraft.java:356) [Minecraft.class:?]
	at net.minecraft.client.main.Main.main(Main.java:117) [Main.class:?]
	at sun.reflect.NativeMethodAccessorImpl.invoke0(Native Method) ~[?:1.8.0_51]
	at sun.reflect.NativeMethodAccessorImpl.invoke(Unknown Source) ~[?:1.8.0_51]
	at sun.reflect.DelegatingMethodAccessorImpl.invoke(Unknown Source) ~[?:1.8.0_51]
	at java.lang.reflect.Method.invoke(Unknown Source) ~[?:1.8.0_51]
	at net.minecraft.launchwrapper.Launch.launch(Launch.java:135) [launchwrapper-1.12.jar:?]
	at net.minecraft.launchwrapper.Launch.main(Launch.java:28) [launchwrapper-1.12.jar:?]
	at net.minecraftforge.gradle.GradleStartCommon.launch(Unknown Source) [start/:?]
	at GradleStart.main(Unknown Source) [start/:?]
[19:59:25] [Client thread/WARN]: Failed to load texture: magiology:WTF!?!!
java.io.FileNotFoundException: magiology:WTF!?!!
	at net.minecraft.client.resources.FallbackResourceManager.getResource(FallbackResourceManager.java:70) ~[FallbackResourceManager.class:?]
	at net.minecraft.client.resources.SimpleReloadableResourceManager.getResource(SimpleReloadableResourceManager.java:67) ~[SimpleReloadableResourceManager.class:?]
	at net.minecraft.client.renderer.texture.SimpleTexture.loadTexture(SimpleTexture.java:34) ~[SimpleTexture.class:?]
	at net.minecraft.client.renderer.texture.TextureManager.loadTexture(TextureManager.java:70) [TextureManager.class:?]
	at com.magiology.render.Textures.getResource(Textures.java:119) [Textures.class:?]
	at com.magiology.render.Textures.postInit(Textures.java:67) [Textures.class:?]
	at com.magiology.core.Magiology.postInit(Magiology.java:120) [Magiology.class:?]
	at com.magiology.core.Magiology.postInitStarter(Magiology.java:132) [Magiology.class:?]
	at sun.reflect.NativeMethodAccessorImpl.invoke0(Native Method) ~[?:1.8.0_51]
	at sun.reflect.NativeMethodAccessorImpl.invoke(Unknown Source) ~[?:1.8.0_51]
	at sun.reflect.DelegatingMethodAccessorImpl.invoke(Unknown Source) ~[?:1.8.0_51]
	at java.lang.reflect.Method.invoke(Unknown Source) ~[?:1.8.0_51]
	at net.minecraftforge.fml.common.FMLModContainer.handleModStateEvent(FMLModContainer.java:537) [FMLModContainer.class:?]
	at sun.reflect.NativeMethodAccessorImpl.invoke0(Native Method) ~[?:1.8.0_51]
	at sun.reflect.NativeMethodAccessorImpl.invoke(Unknown Source) ~[?:1.8.0_51]
	at sun.reflect.DelegatingMethodAccessorImpl.invoke(Unknown Source) ~[?:1.8.0_51]
	at java.lang.reflect.Method.invoke(Unknown Source) ~[?:1.8.0_51]
	at com.google.common.eventbus.EventSubscriber.handleEvent(EventSubscriber.java:74) [guava-17.0.jar:?]
	at com.google.common.eventbus.SynchronizedEventSubscriber.handleEvent(SynchronizedEventSubscriber.java:47) [guava-17.0.jar:?]
	at com.google.common.eventbus.EventBus.dispatch(EventBus.java:322) [guava-17.0.jar:?]
	at com.google.common.eventbus.EventBus.dispatchQueuedEvents(EventBus.java:304) [guava-17.0.jar:?]
	at com.google.common.eventbus.EventBus.post(EventBus.java:275) [guava-17.0.jar:?]
	at net.minecraftforge.fml.common.LoadController.sendEventToModContainer(LoadController.java:212) [LoadController.class:?]
	at net.minecraftforge.fml.common.LoadController.propogateStateMessage(LoadController.java:190) [LoadController.class:?]
	at sun.reflect.NativeMethodAccessorImpl.invoke0(Native Method) ~[?:1.8.0_51]
	at sun.reflect.NativeMethodAccessorImpl.invoke(Unknown Source) ~[?:1.8.0_51]
	at sun.reflect.DelegatingMethodAccessorImpl.invoke(Unknown Source) ~[?:1.8.0_51]
	at java.lang.reflect.Method.invoke(Unknown Source) ~[?:1.8.0_51]
	at com.google.common.eventbus.EventSubscriber.handleEvent(EventSubscriber.java:74) [guava-17.0.jar:?]
	at com.google.common.eventbus.SynchronizedEventSubscriber.handleEvent(SynchronizedEventSubscriber.java:47) [guava-17.0.jar:?]
	at com.google.common.eventbus.EventBus.dispatch(EventBus.java:322) [guava-17.0.jar:?]
	at com.google.common.eventbus.EventBus.dispatchQueuedEvents(EventBus.java:304) [guava-17.0.jar:?]
	at com.google.common.eventbus.EventBus.post(EventBus.java:275) [guava-17.0.jar:?]
	at net.minecraftforge.fml.common.LoadController.distributeStateMessage(LoadController.java:119) [LoadController.class:?]
	at net.minecraftforge.fml.common.Loader.initializeMods(Loader.java:736) [Loader.class:?]
	at net.minecraftforge.fml.client.FMLClientHandler.finishMinecraftLoading(FMLClientHandler.java:316) [FMLClientHandler.class:?]
	at net.minecraft.client.Minecraft.startGame(Minecraft.java:528) [Minecraft.class:?]
	at net.minecraft.client.Minecraft.run(Minecraft.java:356) [Minecraft.class:?]
	at net.minecraft.client.main.Main.main(Main.java:117) [Main.class:?]
	at sun.reflect.NativeMethodAccessorImpl.invoke0(Native Method) ~[?:1.8.0_51]
	at sun.reflect.NativeMethodAccessorImpl.invoke(Unknown Source) ~[?:1.8.0_51]
	at sun.reflect.DelegatingMethodAccessorImpl.invoke(Unknown Source) ~[?:1.8.0_51]
	at java.lang.reflect.Method.invoke(Unknown Source) ~[?:1.8.0_51]
	at net.minecraft.launchwrapper.Launch.launch(Launch.java:135) [launchwrapper-1.12.jar:?]
	at net.minecraft.launchwrapper.Launch.main(Launch.java:28) [launchwrapper-1.12.jar:?]
	at net.minecraftforge.gradle.GradleStartCommon.launch(Unknown Source) [start/:?]
	at GradleStart.main(Unknown Source) [start/:?]
[19:59:25] [Client thread/WARN]: Failed to load texture: magiology:WTF!?!!
java.io.FileNotFoundException: magiology:WTF!?!!
	at net.minecraft.client.resources.FallbackResourceManager.getResource(FallbackResourceManager.java:70) ~[FallbackResourceManager.class:?]
	at net.minecraft.client.resources.SimpleReloadableResourceManager.getResource(SimpleReloadableResourceManager.java:67) ~[SimpleReloadableResourceManager.class:?]
	at net.minecraft.client.renderer.texture.SimpleTexture.loadTexture(SimpleTexture.java:34) ~[SimpleTexture.class:?]
	at net.minecraft.client.renderer.texture.TextureManager.loadTexture(TextureManager.java:70) [TextureManager.class:?]
	at com.magiology.render.Textures.getResource(Textures.java:119) [Textures.class:?]
	at com.magiology.render.Textures.postInit(Textures.java:75) [Textures.class:?]
	at com.magiology.core.Magiology.postInit(Magiology.java:120) [Magiology.class:?]
	at com.magiology.core.Magiology.postInitStarter(Magiology.java:132) [Magiology.class:?]
	at sun.reflect.NativeMethodAccessorImpl.invoke0(Native Method) ~[?:1.8.0_51]
	at sun.reflect.NativeMethodAccessorImpl.invoke(Unknown Source) ~[?:1.8.0_51]
	at sun.reflect.DelegatingMethodAccessorImpl.invoke(Unknown Source) ~[?:1.8.0_51]
	at java.lang.reflect.Method.invoke(Unknown Source) ~[?:1.8.0_51]
	at net.minecraftforge.fml.common.FMLModContainer.handleModStateEvent(FMLModContainer.java:537) [FMLModContainer.class:?]
	at sun.reflect.NativeMethodAccessorImpl.invoke0(Native Method) ~[?:1.8.0_51]
	at sun.reflect.NativeMethodAccessorImpl.invoke(Unknown Source) ~[?:1.8.0_51]
	at sun.reflect.DelegatingMethodAccessorImpl.invoke(Unknown Source) ~[?:1.8.0_51]
	at java.lang.reflect.Method.invoke(Unknown Source) ~[?:1.8.0_51]
	at com.google.common.eventbus.EventSubscriber.handleEvent(EventSubscriber.java:74) [guava-17.0.jar:?]
	at com.google.common.eventbus.SynchronizedEventSubscriber.handleEvent(SynchronizedEventSubscriber.java:47) [guava-17.0.jar:?]
	at com.google.common.eventbus.EventBus.dispatch(EventBus.java:322) [guava-17.0.jar:?]
	at com.google.common.eventbus.EventBus.dispatchQueuedEvents(EventBus.java:304) [guava-17.0.jar:?]
	at com.google.common.eventbus.EventBus.post(EventBus.java:275) [guava-17.0.jar:?]
	at net.minecraftforge.fml.common.LoadController.sendEventToModContainer(LoadController.java:212) [LoadController.class:?]
	at net.minecraftforge.fml.common.LoadController.propogateStateMessage(LoadController.java:190) [LoadController.class:?]
	at sun.reflect.NativeMethodAccessorImpl.invoke0(Native Method) ~[?:1.8.0_51]
	at sun.reflect.NativeMethodAccessorImpl.invoke(Unknown Source) ~[?:1.8.0_51]
	at sun.reflect.DelegatingMethodAccessorImpl.invoke(Unknown Source) ~[?:1.8.0_51]
	at java.lang.reflect.Method.invoke(Unknown Source) ~[?:1.8.0_51]
	at com.google.common.eventbus.EventSubscriber.handleEvent(EventSubscriber.java:74) [guava-17.0.jar:?]
	at com.google.common.eventbus.SynchronizedEventSubscriber.handleEvent(SynchronizedEventSubscriber.java:47) [guava-17.0.jar:?]
	at com.google.common.eventbus.EventBus.dispatch(EventBus.java:322) [guava-17.0.jar:?]
	at com.google.common.eventbus.EventBus.dispatchQueuedEvents(EventBus.java:304) [guava-17.0.jar:?]
	at com.google.common.eventbus.EventBus.post(EventBus.java:275) [guava-17.0.jar:?]
	at net.minecraftforge.fml.common.LoadController.distributeStateMessage(LoadController.java:119) [LoadController.class:?]
	at net.minecraftforge.fml.common.Loader.initializeMods(Loader.java:736) [Loader.class:?]
	at net.minecraftforge.fml.client.FMLClientHandler.finishMinecraftLoading(FMLClientHandler.java:316) [FMLClientHandler.class:?]
	at net.minecraft.client.Minecraft.startGame(Minecraft.java:528) [Minecraft.class:?]
	at net.minecraft.client.Minecraft.run(Minecraft.java:356) [Minecraft.class:?]
	at net.minecraft.client.main.Main.main(Main.java:117) [Main.class:?]
	at sun.reflect.NativeMethodAccessorImpl.invoke0(Native Method) ~[?:1.8.0_51]
	at sun.reflect.NativeMethodAccessorImpl.invoke(Unknown Source) ~[?:1.8.0_51]
	at sun.reflect.DelegatingMethodAccessorImpl.invoke(Unknown Source) ~[?:1.8.0_51]
	at java.lang.reflect.Method.invoke(Unknown Source) ~[?:1.8.0_51]
	at net.minecraft.launchwrapper.Launch.launch(Launch.java:135) [launchwrapper-1.12.jar:?]
	at net.minecraft.launchwrapper.Launch.main(Launch.java:28) [launchwrapper-1.12.jar:?]
	at net.minecraftforge.gradle.GradleStartCommon.launch(Unknown Source) [start/:?]
	at GradleStart.main(Unknown Source) [start/:?]
[19:59:25] [Client thread/INFO]: Reloading ResourceManager: Default, FMLFileResourcePack:Forge Mod Loader, FMLFileResourcePack:Minecraft Forge, FMLFileResourcePack:Magiology
[19:59:26] [Client thread/INFO]: SoundSystem shutting down...
[19:59:26] [Client thread/WARN]: Author: Paul Lamb, www.paulscode.com
[19:59:26] [Sound Library Loader/INFO]: Starting up SoundSystem...
[19:59:26] [Thread-12/INFO]: Initializing LWJGL OpenAL
[19:59:26] [Thread-12/INFO]: (The LWJGL binding of OpenAL.  For more information, see http://www.lwjgl.org)
[19:59:26] [Thread-12/INFO]: OpenAL initialized.
[19:59:27] [Sound Library Loader/INFO]: Sound engine started
[19:59:38] [Client thread/INFO]: Created: 512x512 textures-atlas
[19:59:53] [Server thread/INFO]: Starting integrated minecraft server version 1.8
[19:59:53] [Server thread/INFO]: Generating keypair
[19:59:54] [Server thread/INFO]: Preparing start region for level 0
[19:59:55] [Server thread/INFO]: Preparing spawn area: 11%
[19:59:57] [Server thread/INFO]: Preparing spawn area: 55%
[19:59:59] [Server thread/INFO]: Changing view distance to 5, from 10
[20:00:07] [Server thread/INFO]: Player907[local:E:75233d0a] logged in with entity id 72 at (-137.57719318235084, 91.70475146730861, -811.9320765588259)
[20:00:07] [Server thread/INFO]: Player907 joined the game
[20:00:08] [pool-2-thread-1/WARN]: Couldn't look up profile properties for com.mojang.authlib.GameProfile@1c37b2b[id=b5b2ff24-9e23-373f-97d2-19884357bdea,name=Player907,properties={},legacy=false]
com.mojang.authlib.exceptions.AuthenticationException: The client has sent too many requests within a certain amount of time
	at com.mojang.authlib.yggdrasil.YggdrasilAuthenticationService.makeRequest(YggdrasilAuthenticationService.java:65) ~[YggdrasilAuthenticationService.class:?]
	at com.mojang.authlib.yggdrasil.YggdrasilMinecraftSessionService.fillGameProfile(YggdrasilMinecraftSessionService.java:158) [YggdrasilMinecraftSessionService.class:?]
	at com.mojang.authlib.yggdrasil.YggdrasilMinecraftSessionService$1.load(YggdrasilMinecraftSessionService.java:53) [YggdrasilMinecraftSessionService$1.class:?]
	at com.mojang.authlib.yggdrasil.YggdrasilMinecraftSessionService$1.load(YggdrasilMinecraftSessionService.java:50) [YggdrasilMinecraftSessionService$1.class:?]
	at com.google.common.cache.LocalCache$LoadingValueReference.loadFuture(LocalCache.java:3524) [guava-17.0.jar:?]
	at com.google.common.cache.LocalCache$Segment.loadSync(LocalCache.java:2317) [guava-17.0.jar:?]
	at com.google.common.cache.LocalCache$Segment.lockedGetOrLoad(LocalCache.java:2280) [guava-17.0.jar:?]
	at com.google.common.cache.LocalCache$Segment.get(LocalCache.java:2195) [guava-17.0.jar:?]
	at com.google.common.cache.LocalCache.get(LocalCache.java:3934) [guava-17.0.jar:?]
	at com.google.common.cache.LocalCache.getOrLoad(LocalCache.java:3938) [guava-17.0.jar:?]
	at com.google.common.cache.LocalCache$LocalLoadingCache.get(LocalCache.java:4821) [guava-17.0.jar:?]
	at com.google.common.cache.LocalCache$LocalLoadingCache.getUnchecked(LocalCache.java:4827) [guava-17.0.jar:?]
	at com.mojang.authlib.yggdrasil.YggdrasilMinecraftSessionService.fillProfileProperties(YggdrasilMinecraftSessionService.java:148) [YggdrasilMinecraftSessionService.class:?]
	at net.minecraft.client.resources.SkinManager$3.run(SkinManager.java:138) [SkinManager$3.class:?]
	at java.util.concurrent.Executors$RunnableAdapter.call(Unknown Source) [?:1.8.0_51]
	at java.util.concurrent.FutureTask.run(Unknown Source) [?:1.8.0_51]
	at java.util.concurrent.ThreadPoolExecutor.runWorker(Unknown Source) [?:1.8.0_51]
	at java.util.concurrent.ThreadPoolExecutor$Worker.run(Unknown Source) [?:1.8.0_51]
	at java.lang.Thread.run(Unknown Source) [?:1.8.0_51]
[20:00:11] [Client thread/WARN]: Failed to load texture: minecraft:textures/models/armor/DFTheWings_layer_1.png
java.io.FileNotFoundException: minecraft:textures/models/armor/DFTheWings_layer_1.png
	at net.minecraft.client.resources.FallbackResourceManager.getResource(FallbackResourceManager.java:70) ~[FallbackResourceManager.class:?]
	at net.minecraft.client.resources.SimpleReloadableResourceManager.getResource(SimpleReloadableResourceManager.java:67) ~[SimpleReloadableResourceManager.class:?]
	at net.minecraft.client.renderer.texture.SimpleTexture.loadTexture(SimpleTexture.java:34) ~[SimpleTexture.class:?]
	at net.minecraft.client.renderer.texture.TextureManager.loadTexture(TextureManager.java:70) [TextureManager.class:?]
	at net.minecraft.client.renderer.texture.TextureManager.bindTexture(TextureManager.java:44) [TextureManager.class:?]
	at net.minecraft.client.renderer.entity.Render.bindTexture(Render.java:96) [Render.class:?]
	at net.minecraft.client.renderer.entity.layers.LayerArmorBase.func_177182_a(LayerArmorBase.java:62) [LayerArmorBase.class:?]
	at net.minecraft.client.renderer.entity.layers.LayerArmorBase.doRenderLayer(LayerArmorBase.java:39) [LayerArmorBase.class:?]
	at net.minecraft.client.renderer.entity.RendererLivingEntity.func_177093_a(RendererLivingEntity.java:480) [RendererLivingEntity.class:?]
	at net.minecraft.client.renderer.entity.RendererLivingEntity.doRender(RendererLivingEntity.java:190) [RendererLivingEntity.class:?]
	at net.minecraft.client.renderer.entity.RenderPlayer.func_180596_a(RenderPlayer.java:71) [RenderPlayer.class:?]
	at net.minecraft.client.renderer.entity.RenderPlayer.doRender(RenderPlayer.java:275) [RenderPlayer.class:?]
	at net.minecraft.client.renderer.entity.RenderManager.doRenderEntity(RenderManager.java:381) [RenderManager.class:?]
	at net.minecraft.client.renderer.entity.RenderManager.renderEntityStatic(RenderManager.java:338) [RenderManager.class:?]
	at net.minecraft.client.renderer.entity.RenderManager.renderEntitySimple(RenderManager.java:305) [RenderManager.class:?]
	at net.minecraft.client.renderer.RenderGlobal.renderEntities(RenderGlobal.java:657) [RenderGlobal.class:?]
	at net.minecraft.client.renderer.EntityRenderer.renderWorldPass(EntityRenderer.java:1353) [EntityRenderer.class:?]
	at net.minecraft.client.renderer.EntityRenderer.renderWorld(EntityRenderer.java:1266) [EntityRenderer.class:?]
	at net.minecraft.client.renderer.EntityRenderer.updateCameraAndRender(EntityRenderer.java:1091) [EntityRenderer.class:?]
	at net.minecraft.client.Minecraft.runGameLoop(Minecraft.java:1114) [Minecraft.class:?]
	at net.minecraft.client.Minecraft.run(Minecraft.java:376) [Minecraft.class:?]
	at net.minecraft.client.main.Main.main(Main.java:117) [Main.class:?]
	at sun.reflect.NativeMethodAccessorImpl.invoke0(Native Method) ~[?:1.8.0_51]
	at sun.reflect.NativeMethodAccessorImpl.invoke(Unknown Source) ~[?:1.8.0_51]
	at sun.reflect.DelegatingMethodAccessorImpl.invoke(Unknown Source) ~[?:1.8.0_51]
	at java.lang.reflect.Method.invoke(Unknown Source) ~[?:1.8.0_51]
	at net.minecraft.launchwrapper.Launch.launch(Launch.java:135) [launchwrapper-1.12.jar:?]
	at net.minecraft.launchwrapper.Launch.main(Launch.java:28) [launchwrapper-1.12.jar:?]
	at net.minecraftforge.gradle.GradleStartCommon.launch(Unknown Source) [start/:?]
	at GradleStart.main(Unknown Source) [start/:?]
[20:00:11] [Client thread/WARN]: Failed to load texture: minecraft:textures/models/armor/pants42_layer_2.png
java.io.FileNotFoundException: minecraft:textures/models/armor/pants42_layer_2.png
	at net.minecraft.client.resources.FallbackResourceManager.getResource(FallbackResourceManager.java:70) ~[FallbackResourceManager.class:?]
	at net.minecraft.client.resources.SimpleReloadableResourceManager.getResource(SimpleReloadableResourceManager.java:67) ~[SimpleReloadableResourceManager.class:?]
	at net.minecraft.client.renderer.texture.SimpleTexture.loadTexture(SimpleTexture.java:34) ~[SimpleTexture.class:?]
	at net.minecraft.client.renderer.texture.TextureManager.loadTexture(TextureManager.java:70) [TextureManager.class:?]
	at net.minecraft.client.renderer.texture.TextureManager.bindTexture(TextureManager.java:44) [TextureManager.class:?]
	at net.minecraft.client.renderer.entity.Render.bindTexture(Render.java:96) [Render.class:?]
	at net.minecraft.client.renderer.entity.layers.LayerArmorBase.func_177182_a(LayerArmorBase.java:62) [LayerArmorBase.class:?]
	at net.minecraft.client.renderer.entity.layers.LayerArmorBase.doRenderLayer(LayerArmorBase.java:40) [LayerArmorBase.class:?]
	at net.minecraft.client.renderer.entity.RendererLivingEntity.func_177093_a(RendererLivingEntity.java:480) [RendererLivingEntity.class:?]
	at net.minecraft.client.renderer.entity.RendererLivingEntity.doRender(RendererLivingEntity.java:190) [RendererLivingEntity.class:?]
	at net.minecraft.client.renderer.entity.RenderPlayer.func_180596_a(RenderPlayer.java:71) [RenderPlayer.class:?]
	at net.minecraft.client.renderer.entity.RenderPlayer.doRender(RenderPlayer.java:275) [RenderPlayer.class:?]
	at net.minecraft.client.renderer.entity.RenderManager.doRenderEntity(RenderManager.java:381) [RenderManager.class:?]
	at net.minecraft.client.renderer.entity.RenderManager.renderEntityStatic(RenderManager.java:338) [RenderManager.class:?]
	at net.minecraft.client.renderer.entity.RenderManager.renderEntitySimple(RenderManager.java:305) [RenderManager.class:?]
	at net.minecraft.client.renderer.RenderGlobal.renderEntities(RenderGlobal.java:657) [RenderGlobal.class:?]
	at net.minecraft.client.renderer.EntityRenderer.renderWorldPass(EntityRenderer.java:1353) [EntityRenderer.class:?]
	at net.minecraft.client.renderer.EntityRenderer.renderWorld(EntityRenderer.java:1266) [EntityRenderer.class:?]
	at net.minecraft.client.renderer.EntityRenderer.updateCameraAndRender(EntityRenderer.java:1091) [EntityRenderer.class:?]
	at net.minecraft.client.Minecraft.runGameLoop(Minecraft.java:1114) [Minecraft.class:?]
	at net.minecraft.client.Minecraft.run(Minecraft.java:376) [Minecraft.class:?]
	at net.minecraft.client.main.Main.main(Main.java:117) [Main.class:?]
	at sun.reflect.NativeMethodAccessorImpl.invoke0(Native Method) ~[?:1.8.0_51]
	at sun.reflect.NativeMethodAccessorImpl.invoke(Unknown Source) ~[?:1.8.0_51]
	at sun.reflect.DelegatingMethodAccessorImpl.invoke(Unknown Source) ~[?:1.8.0_51]
	at java.lang.reflect.Method.invoke(Unknown Source) ~[?:1.8.0_51]
	at net.minecraft.launchwrapper.Launch.launch(Launch.java:135) [launchwrapper-1.12.jar:?]
	at net.minecraft.launchwrapper.Launch.main(Launch.java:28) [launchwrapper-1.12.jar:?]
	at net.minecraftforge.gradle.GradleStartCommon.launch(Unknown Source) [start/:?]
	at GradleStart.main(Unknown Source) [start/:?]
[20:00:11] [Server thread/WARN]: Can't keep up! Did the system time change, or is the server overloaded? Running 3163ms behind, skipping 63 tick(s)
[20:00:14] [Server thread/INFO]: Player907 fell from a high place
[20:00:14] [Client thread/INFO]: [CHAT] Player907 fell from a high place
[20:00:24] [Server thread/INFO]: Saving and pausing game...
[20:00:24] [Server thread/INFO]: Saving chunks for level 'New World'/Overworld
[20:00:24] [Server thread/INFO]: Saving chunks for level 'New World'/Nether
[20:00:24] [Server thread/INFO]: Saving chunks for level 'New World'/The End
[20:01:01] [Server thread/INFO]: Saving and pausing game...
[20:01:01] [Server thread/INFO]: Saving chunks for level 'New World'/Overworld
[20:01:01] [Server thread/INFO]: Saving chunks for level 'New World'/Nether
[20:01:01] [Server thread/INFO]: Saving chunks for level 'New World'/The End
[20:05:03] [Server thread/INFO]: Player907 fell from a high place
[20:05:03] [Client thread/INFO]: [CHAT] Player907 fell from a high place
[20:05:11] [Server thread/INFO]: Saving and pausing game...
[20:05:13] [Server thread/INFO]: Saving chunks for level 'New World'/Overworld
[20:05:13] [Server thread/INFO]: Saving chunks for level 'New World'/Nether
[20:05:13] [Server thread/INFO]: Saving chunks for level 'New World'/The End
