#
# A fatal error has been detected by the Java Runtime Environment:
#
#  EXCEPTION_ACCESS_VIOLATION (0xc0000005) at pc=0x0000000058342bf8, pid=3744, tid=4736
#
# JRE version: Java(TM) SE Runtime Environment (8.0_60-b27) (build 1.8.0_60-b27)
# Java VM: Java HotSpot(TM) 64-Bit Server VM (25.60-b23 mixed mode windows-amd64 compressed oops)
# Problematic frame:
# V  [jvm.dll+0x42bf8]
#
# Failed to write core dump. Minidumps are not enabled by default on client versions of Windows
#
# If you would like to submit a bug report, please visit:
#   http://bugreport.java.com/bugreport/crash.jsp
#

---------------  T H R E A D  ---------------

Current thread (0x0000000016077000):  JavaThread "C1 CompilerThread1" daemon [_thread_in_vm, id=4736, stack(0x00000000173e0000,0x00000000174e0000)]

siginfo: ExceptionCode=0xc0000005, reading address 0x0000000000000013

Registers:
RAX=0x0000000016077000, RBX=0x000000001f03ff98, RCX=0x000000001f03ff98, RDX=0x000000001f03ff98
RSP=0x00000000174de650, RBP=0x0000000022de91a0, RSI=0x000000001f03ff98, RDI=0x0000000000000000
R8 =0x000000000000000b, R9 =0x0000000000000009, R10=0x0000000022de93d0, R11=0x0000000019507c60
R12=0x0000000016077000, R13=0x0000000022de91a0, R14=0x0000000027dd7c10, R15=0x0000000027dda670
RIP=0x0000000058342bf8, EFLAGS=0x0000000000010202

Top of Stack: (sp=0x00000000174de650)
0x00000000174de650:   0000000015e84390 0000000015e82e60
0x00000000174de660:   0000000027dda670 0000000027ddfbf8
0x00000000174de670:   00000000000302e8 0000000027dd7c10
0x00000000174de680:   000000001b38b208 0000000016077000
0x00000000174de690:   000000000000008e 0000000058342f89
0x00000000174de6a0:   0000000000000001 00000000583bf323
0x00000000174de6b0:   0000000000000009 00000000588da6e8
0x00000000174de6c0:   0000000016052d10 00000000588da018
0x00000000174de6d0:   0000000000000000 000000005833ed95
0x00000000174de6e0:   00000000588da6e8 000000001f03ff98
0x00000000174de6f0:   0000000027dda870 0000000016077000
0x00000000174de700:   000000001950a6f8 000000005833eb9b
0x00000000174de710:   0000000027dda870 0000000033e087f8
0x00000000174de720:   0000000000000001 000000001b38b208
0x00000000174de730:   0000000016077000 00000000583c080d
0x00000000174de740:   000000001606b220 000000008021c9a0 

Instructions: (pc=0x0000000058342bf8)
0x0000000058342bd8:   00 48 8b da ff 15 0e 08 59 00 44 0f b6 05 9a 4c
0x0000000058342be8:   7a 00 4c 8b e0 45 84 c0 74 39 4c 8b 03 48 8b cb
0x0000000058342bf8:   41 ff 50 08 84 c0 74 2b 83 7b 08 00 7e 25 0f b6
0x0000000058342c08:   83 0e 01 00 00 c0 e8 03 a8 01 74 17 48 8b 03 48 


Register to memory mapping:

RAX=0x0000000016077000 is a thread
RBX=0x000000001f03ff98 is pointing into metadata
RCX=0x000000001f03ff98 is pointing into metadata
RDX=0x000000001f03ff98 is pointing into metadata
RSP=0x00000000174de650 is pointing into the stack for thread: 0x0000000016077000
RBP=0x0000000022de91a0 is an unknown value
RSI=0x000000001f03ff98 is pointing into metadata
RDI=0x0000000000000000 is an unknown value
R8 =0x000000000000000b is an unknown value
R9 =0x0000000000000009 is an unknown value
R10=0x0000000022de93d0 is an unknown value
R11=0x0000000019507c60 is an unknown value
R12=0x0000000016077000 is a thread
R13=0x0000000022de91a0 is an unknown value
R14=0x0000000027dd7c10 is an unknown value
R15=0x0000000027dda670 is an unknown value


Stack: [0x00000000173e0000,0x00000000174e0000],  sp=0x00000000174de650,  free space=1017k
Native frames: (J=compiled Java code, j=interpreted, Vv=VM code, C=native code)
V  [jvm.dll+0x42bf8]
V  [jvm.dll+0x42f89]
V  [jvm.dll+0x3ed95]
V  [jvm.dll+0x3eb9b]
V  [jvm.dll+0x3fcc4]
V  [jvm.dll+0x3a653]
V  [jvm.dll+0x3a769]
V  [jvm.dll+0x419d97]
V  [jvm.dll+0x41a788]
V  [jvm.dll+0x41645b]
V  [jvm.dll+0x418e47]
V  [jvm.dll+0x41973d]
V  [jvm.dll+0x419b32]
V  [jvm.dll+0x41ec25]
V  [jvm.dll+0x41ed30]
V  [jvm.dll+0x408bd8]
V  [jvm.dll+0x408e41]
V  [jvm.dll+0x409002]
V  [jvm.dll+0x4091d1]
V  [jvm.dll+0x4093df]
V  [jvm.dll+0xa4662]
V  [jvm.dll+0xa4f9f]
V  [jvm.dll+0x243134]
V  [jvm.dll+0x299f6a]
C  [msvcr100.dll+0x21d9f]
C  [msvcr100.dll+0x21e3b]
C  [kernel32.dll+0x15a4d]
C  [ntdll.dll+0x2b831]


Current CompileTask:
C1:3767654 15155       3       com.magiology.mcobjects.tileentityes.corecomponents.powertiles.TileEntityPow::handleStandardPowerTransmission (475 bytes)


---------------  P R O C E S S  ---------------

Java Threads: ( => current thread )
  0x00000000226fb800 JavaThread "File IO Thread" [_thread_blocked, id=5068, stack(0x00000000331a0000,0x00000000332a0000)]
  0x000000002517e800 JavaThread "Chunk I/O Executor Thread-1" daemon [_thread_blocked, id=3156, stack(0x00000000348c0000,0x00000000349c0000)]
  0x00000000226fa000 JavaThread "Netty Server IO #1" daemon [_thread_in_native, id=5408, stack(0x00000000340e0000,0x00000000341e0000)]
  0x00000000226f9000 JavaThread "Netty Local Client IO #0" daemon [_thread_blocked, id=6100, stack(0x0000000033f90000,0x0000000034090000)]
  0x000000002517f000 JavaThread "Netty Server IO #0" daemon [_thread_in_native, id=3016, stack(0x000000002d050000,0x000000002d150000)]
  0x000000002517d800 JavaThread "Server thread" [_thread_blocked, id=2256, stack(0x00000000335e0000,0x00000000336e0000)]
  0x000000002517d000 JavaThread "Snooper Timer" daemon [_thread_blocked, id=1780, stack(0x000000001f1e0000,0x000000001f2e0000)]
  0x000000002517c000 JavaThread "Thread-13" [_thread_blocked, id=5172, stack(0x0000000031b30000,0x0000000031c30000)]
  0x000000002517a000 JavaThread "Thread-12" [_thread_blocked, id=4920, stack(0x000000002c460000,0x000000002c560000)]
  0x000000002517b800 JavaThread "Chunk Batcher 1" daemon [_thread_blocked, id=2644, stack(0x000000002d630000,0x000000002d730000)]
  0x0000000025178800 JavaThread "Chunk Batcher 0" daemon [_thread_blocked, id=3860, stack(0x000000002d440000,0x000000002d540000)]
  0x0000000022d04800 JavaThread "AWT-Windows" daemon [_thread_in_native, id=2548, stack(0x0000000029ce0000,0x0000000029de0000)]
  0x0000000017f1c800 JavaThread "LWJGL Timer" daemon [_thread_blocked, id=3324, stack(0x0000000021ad0000,0x0000000021bd0000)]
  0x0000000019db6800 JavaThread "Java2D Disposer" daemon [_thread_blocked, id=5764, stack(0x000000001ad00000,0x000000001ae00000)]
  0x000000001a800000 JavaThread "Timer hack thread" daemon [_thread_blocked, id=1952, stack(0x000000001af50000,0x000000001b050000)]
  0x0000000018e7b800 JavaThread "Snooper Timer" daemon [_thread_blocked, id=3824, stack(0x000000001ae40000,0x000000001af40000)]
  0x0000000017530800 JavaThread "Service Thread" daemon [_thread_blocked, id=5392, stack(0x0000000017970000,0x0000000017a70000)]
=>0x0000000016077000 JavaThread "C1 CompilerThread1" daemon [_thread_in_vm, id=4736, stack(0x00000000173e0000,0x00000000174e0000)]
  0x000000001606b800 JavaThread "C2 CompilerThread0" daemon [_thread_blocked, id=2116, stack(0x00000000171a0000,0x00000000172a0000)]
  0x000000001605d800 JavaThread "JDWP Command Reader" daemon [_thread_in_native, id=2272, stack(0x00000000172e0000,0x00000000173e0000)]
  0x000000001605c800 JavaThread "JDWP Event Helper Thread" daemon [_thread_blocked, id=5828, stack(0x0000000016d60000,0x0000000016e60000)]
  0x0000000016058800 JavaThread "JDWP Transport Listener: dt_socket" daemon [_thread_blocked, id=5596, stack(0x0000000016fa0000,0x00000000170a0000)]
  0x000000001603f800 JavaThread "Attach Listener" daemon [_thread_blocked, id=5448, stack(0x00000000166d0000,0x00000000167d0000)]
  0x000000001603c000 JavaThread "Signal Dispatcher" daemon [_thread_blocked, id=5684, stack(0x0000000016500000,0x0000000016600000)]
  0x000000001603a800 JavaThread "Surrogate Locker Thread (Concurrent GC)" daemon [_thread_blocked, id=4880, stack(0x00000000163b0000,0x00000000164b0000)]
  0x0000000015fe0000 JavaThread "Finalizer" daemon [_thread_blocked, id=3812, stack(0x0000000015440000,0x0000000015540000)]
  0x0000000015fd9000 JavaThread "Reference Handler" daemon [_thread_blocked, id=5872, stack(0x0000000016250000,0x0000000016350000)]
  0x0000000002234800 JavaThread "Client thread" [_thread_in_Java, id=5368, stack(0x0000000002380000,0x0000000002480000)]

Other Threads:
  0x0000000015fd3000 VMThread [stack: 0x00000000160c0000,0x00000000161c0000] [id=5352]
  0x0000000017554000 WatcherThread [stack: 0x0000000017af0000,0x0000000017bf0000] [id=1552]

VM state:not at safepoint (normal execution)

VM Mutex/Monitor currently owned by a thread: None

Heap:
 par new generation   total 153344K, used 112578K [0x00000000c0000000, 0x00000000ca660000, 0x00000000ca660000)
  eden space 136320K,  82% used [0x00000000c0000000, 0x00000000c6d57460, 0x00000000c8520000)
  from space 17024K,   3% used [0x00000000c95c0000, 0x00000000c96594e0, 0x00000000ca660000)
  to   space 17024K,   0% used [0x00000000c8520000, 0x00000000c8520000, 0x00000000c95c0000)
 concurrent mark-sweep generation total 878208K, used 220254K [0x00000000ca660000, 0x0000000100000000, 0x0000000100000000)
 Metaspace       used 48466K, capacity 48877K, committed 49664K, reserved 1093632K
  class space    used 5622K, capacity 5779K, committed 5888K, reserved 1048576K

Card table byte_map: [0x0000000011f50000,0x0000000012160000] byte_map_base: 0x0000000011950000

Marking Bits: (CMSBitMap*) 0x0000000002275588
 Bits: [0x0000000012420000, 0x0000000013186800)

Mod Union Table: (CMSBitMap*) 0x0000000002275648
 Bits: [0x0000000000450000, 0x00000000004859a0)

Polling page: 0x0000000000420000

CodeCache: size=245760Kb used=38805Kb max_used=39715Kb free=206954Kb
 bounds [0x0000000002750000, 0x0000000004f00000, 0x0000000011750000]
 total_blobs=10187 nmethods=9278 adapters=826
 compilation: enabled

Compilation events (10 events):
Event: 3766.704 Thread 0x000000001606b800 nmethod 15150 0x000000000435d150 code [0x000000000435d340, 0x000000000435e6c8]
Event: 3766.718 Thread 0x0000000016077000 15151       3       com.magiology.mcobjects.tileentityes.TileEntityFirePipe::update (141 bytes)
Event: 3766.720 Thread 0x0000000016077000 nmethod 15151 0x00000000043daa10 code [0x00000000043dad40, 0x00000000043dc598]
Event: 3766.720 Thread 0x0000000016077000 15152       3       com.magiology.mcobjects.tileentityes.TileEntityFirePipe::texAnimation (58 bytes)
Event: 3766.720 Thread 0x0000000016077000 nmethod 15152 0x00000000039ae450 code [0x00000000039ae5a0, 0x00000000039ae7d0]
Event: 3767.409 Thread 0x0000000016077000 15153       3       com.magiology.mcobjects.tileentityes.TileEntityFirePipe::getOut (60 bytes)
Event: 3767.410 Thread 0x0000000016077000 nmethod 15153 0x00000000037d4a50 code [0x00000000037d4bc0, 0x00000000037d4f30]
Event: 3767.410 Thread 0x000000001606b800 15154       4       com.magiology.objhelper.helpers.PowerHelper::tryToDrainFromTo (88 bytes)
Event: 3767.413 Thread 0x000000001606b800 nmethod 15154 0x0000000003b2a4d0 code [0x0000000003b2a640, 0x0000000003b2a928]
Event: 3767.501 Thread 0x0000000016077000 15155       3       com.magiology.mcobjects.tileentityes.corecomponents.powertiles.TileEntityPow::handleStandardPowerTransmission (475 bytes)

GC Heap History (10 events):
Event: 3765.789 GC heap before
{Heap before GC invocations=3912 (full 13):
 par new generation   total 153344K, used 136929K [0x00000000c0000000, 0x00000000ca660000, 0x00000000ca660000)
  eden space 136320K, 100% used [0x00000000c0000000, 0x00000000c8520000, 0x00000000c8520000)
  from space 17024K,   3% used [0x00000000c8520000, 0x00000000c85b84f0, 0x00000000c95c0000)
  to   space 17024K,   0% used [0x00000000c95c0000, 0x00000000c95c0000, 0x00000000ca660000)
 concurrent mark-sweep generation total 878208K, used 220130K [0x00000000ca660000, 0x0000000100000000, 0x0000000100000000)
 Metaspace       used 48465K, capacity 48877K, committed 49664K, reserved 1093632K
  class space    used 5622K, capacity 5779K, committed 5888K, reserved 1048576K
Event: 3765.795 GC heap after
Heap after GC invocations=3913 (full 13):
 par new generation   total 153344K, used 601K [0x00000000c0000000, 0x00000000ca660000, 0x00000000ca660000)
  eden space 136320K,   0% used [0x00000000c0000000, 0x00000000c0000000, 0x00000000c8520000)
  from space 17024K,   3% used [0x00000000c95c0000, 0x00000000c96567c8, 0x00000000ca660000)
  to   space 17024K,   0% used [0x00000000c8520000, 0x00000000c8520000, 0x00000000c95c0000)
 concurrent mark-sweep generation total 878208K, used 220153K [0x00000000ca660000, 0x0000000100000000, 0x0000000100000000)
 Metaspace       used 48465K, capacity 48877K, committed 49664K, reserved 1093632K
  class space    used 5622K, capacity 5779K, committed 5888K, reserved 1048576K
}
Event: 3766.295 GC heap before
{Heap before GC invocations=3913 (full 13):
 par new generation   total 153344K, used 136921K [0x00000000c0000000, 0x00000000ca660000, 0x00000000ca660000)
  eden space 136320K, 100% used [0x00000000c0000000, 0x00000000c8520000, 0x00000000c8520000)
  from space 17024K,   3% used [0x00000000c95c0000, 0x00000000c96567c8, 0x00000000ca660000)
  to   space 17024K,   0% used [0x00000000c8520000, 0x00000000c8520000, 0x00000000c95c0000)
 concurrent mark-sweep generation total 878208K, used 220153K [0x00000000ca660000, 0x0000000100000000, 0x0000000100000000)
 Metaspace       used 48466K, capacity 48877K, committed 49664K, reserved 1093632K
  class space    used 5622K, capacity 5779K, committed 5888K, reserved 1048576K
Event: 3766.301 GC heap after
Heap after GC invocations=3914 (full 13):
 par new generation   total 153344K, used 779K [0x00000000c0000000, 0x00000000ca660000, 0x00000000ca660000)
  eden space 136320K,   0% used [0x00000000c0000000, 0x00000000c0000000, 0x00000000c8520000)
  from space 17024K,   4% used [0x00000000c8520000, 0x00000000c85e2ea0, 0x00000000c95c0000)
  to   space 17024K,   0% used [0x00000000c95c0000, 0x00000000c95c0000, 0x00000000ca660000)
 concurrent mark-sweep generation total 878208K, used 220169K [0x00000000ca660000, 0x0000000100000000, 0x0000000100000000)
 Metaspace       used 48466K, capacity 48877K, committed 49664K, reserved 1093632K
  class space    used 5622K, capacity 5779K, committed 5888K, reserved 1048576K
}
Event: 3766.642 GC heap before
{Heap before GC invocations=3914 (full 13):
 par new generation   total 153344K, used 137099K [0x00000000c0000000, 0x00000000ca660000, 0x00000000ca660000)
  eden space 136320K, 100% used [0x00000000c0000000, 0x00000000c8520000, 0x00000000c8520000)
  from space 17024K,   4% used [0x00000000c8520000, 0x00000000c85e2ea0, 0x00000000c95c0000)
  to   space 17024K,   0% used [0x00000000c95c0000, 0x00000000c95c0000, 0x00000000ca660000)
 concurrent mark-sweep generation total 878208K, used 220169K [0x00000000ca660000, 0x0000000100000000, 0x0000000100000000)
 Metaspace       used 48466K, capacity 48877K, committed 49664K, reserved 1093632K
  class space    used 5622K, capacity 5779K, committed 5888K, reserved 1048576K
Event: 3766.648 GC heap after
Heap after GC invocations=3915 (full 13):
 par new generation   total 153344K, used 522K [0x00000000c0000000, 0x00000000ca660000, 0x00000000ca660000)
  eden space 136320K,   0% used [0x00000000c0000000, 0x00000000c0000000, 0x00000000c8520000)
  from space 17024K,   3% used [0x00000000c95c0000, 0x00000000c96429a0, 0x00000000ca660000)
  to   space 17024K,   0% used [0x00000000c8520000, 0x00000000c8520000, 0x00000000c95c0000)
 concurrent mark-sweep generation total 878208K, used 220194K [0x00000000ca660000, 0x0000000100000000, 0x0000000100000000)
 Metaspace       used 48466K, capacity 48877K, committed 49664K, reserved 1093632K
  class space    used 5622K, capacity 5779K, committed 5888K, reserved 1048576K
}
Event: 3766.990 GC heap before
{Heap before GC invocations=3915 (full 13):
 par new generation   total 153344K, used 136842K [0x00000000c0000000, 0x00000000ca660000, 0x00000000ca660000)
  eden space 136320K, 100% used [0x00000000c0000000, 0x00000000c8520000, 0x00000000c8520000)
  from space 17024K,   3% used [0x00000000c95c0000, 0x00000000c96429a0, 0x00000000ca660000)
  to   space 17024K,   0% used [0x00000000c8520000, 0x00000000c8520000, 0x00000000c95c0000)
 concurrent mark-sweep generation total 878208K, used 220194K [0x00000000ca660000, 0x0000000100000000, 0x0000000100000000)
 Metaspace       used 48466K, capacity 48877K, committed 49664K, reserved 1093632K
  class space    used 5622K, capacity 5779K, committed 5888K, reserved 1048576K
Event: 3766.995 GC heap after
Heap after GC invocations=3916 (full 13):
 par new generation   total 153344K, used 582K [0x00000000c0000000, 0x00000000ca660000, 0x00000000ca660000)
  eden space 136320K,   0% used [0x00000000c0000000, 0x00000000c0000000, 0x00000000c8520000)
  from space 17024K,   3% used [0x00000000c8520000, 0x00000000c85b18d8, 0x00000000c95c0000)
  to   space 17024K,   0% used [0x00000000c95c0000, 0x00000000c95c0000, 0x00000000ca660000)
 concurrent mark-sweep generation total 878208K, used 220220K [0x00000000ca660000, 0x0000000100000000, 0x0000000100000000)
 Metaspace       used 48466K, capacity 48877K, committed 49664K, reserved 1093632K
  class space    used 5622K, capacity 5779K, committed 5888K, reserved 1048576K
}
Event: 3767.334 GC heap before
{Heap before GC invocations=3916 (full 13):
 par new generation   total 153344K, used 136902K [0x00000000c0000000, 0x00000000ca660000, 0x00000000ca660000)
  eden space 136320K, 100% used [0x00000000c0000000, 0x00000000c8520000, 0x00000000c8520000)
  from space 17024K,   3% used [0x00000000c8520000, 0x00000000c85b18d8, 0x00000000c95c0000)
  to   space 17024K,   0% used [0x00000000c95c0000, 0x00000000c95c0000, 0x00000000ca660000)
 concurrent mark-sweep generation total 878208K, used 220220K [0x00000000ca660000, 0x0000000100000000, 0x0000000100000000)
 Metaspace       used 48466K, capacity 48877K, committed 49664K, reserved 1093632K
  class space    used 5622K, capacity 5779K, committed 5888K, reserved 1048576K
Event: 3767.339 GC heap after
Heap after GC invocations=3917 (full 13):
 par new generation   total 153344K, used 613K [0x00000000c0000000, 0x00000000ca660000, 0x00000000ca660000)
  eden space 136320K,   0% used [0x00000000c0000000, 0x00000000c0000000, 0x00000000c8520000)
  from space 17024K,   3% used [0x00000000c95c0000, 0x00000000c96594e0, 0x00000000ca660000)
  to   space 17024K,   0% used [0x00000000c8520000, 0x00000000c8520000, 0x00000000c95c0000)
 concurrent mark-sweep generation total 878208K, used 220254K [0x00000000ca660000, 0x0000000100000000, 0x0000000100000000)
 Metaspace       used 48466K, capacity 48877K, committed 49664K, reserved 1093632K
  class space    used 5622K, capacity 5779K, committed 5888K, reserved 1048576K
}

Deoptimization events (10 events):
Event: 3767.409 Thread 0x000000002517d800 Uncommon trap: reason=class_check action=maybe_recompile pc=0x000000000394ae70 method=com.magiology.objhelper.helpers.PowerHelper.canISidedPowerSendFromTo(Lcom/magiology/api/power/ISidedPower;Lcom/magiology/api/power/ISidedPower;I)Z @ 42
Event: 3767.413 Thread 0x00000000226f9000 Uncommon trap: reason=unhandled action=none pc=0x00000000046c7124 method=net.minecraft.network.PacketThreadUtil.checkThreadAndEnqueue(Lnet/minecraft/network/Packet;Lnet/minecraft/network/INetHandler;Lnet/minecraft/util/IThreadListener;)V @ 28
Event: 3767.413 Thread 0x00000000226f9000 Uncommon trap: reason=unhandled action=none pc=0x00000000046c7124 method=net.minecraft.network.PacketThreadUtil.checkThreadAndEnqueue(Lnet/minecraft/network/Packet;Lnet/minecraft/network/INetHandler;Lnet/minecraft/util/IThreadListener;)V @ 28
Event: 3767.413 Thread 0x00000000226f9000 Uncommon trap: reason=unhandled action=none pc=0x00000000046c7124 method=net.minecraft.network.PacketThreadUtil.checkThreadAndEnqueue(Lnet/minecraft/network/Packet;Lnet/minecraft/network/INetHandler;Lnet/minecraft/util/IThreadListener;)V @ 28
Event: 3767.422 Thread 0x00000000226fa000 Uncommon trap: reason=unhandled action=none pc=0x0000000004deaebc method=net.minecraft.network.PacketThreadUtil.checkThreadAndEnqueue(Lnet/minecraft/network/Packet;Lnet/minecraft/network/INetHandler;Lnet/minecraft/util/IThreadListener;)V @ 28
Event: 3767.423 Thread 0x0000000002234800 Uncommon trap: reason=unhandled action=none pc=0x0000000003b8f030 method=java.lang.Integer.parseInt(Ljava/lang/String;I)I @ 204
Event: 3767.423 Thread 0x0000000002234800 Uncommon trap: reason=unhandled action=none pc=0x0000000004957144 method=sun.misc.FloatingDecimal.readJavaFormatString(Ljava/lang/String;)Lsun/misc/FloatingDecimal$ASCIIToBinaryConverter; @ 793
Event: 3767.472 Thread 0x00000000226fa000 Uncommon trap: reason=unhandled action=none pc=0x0000000004deaebc method=net.minecraft.network.PacketThreadUtil.checkThreadAndEnqueue(Lnet/minecraft/network/Packet;Lnet/minecraft/network/INetHandler;Lnet/minecraft/util/IThreadListener;)V @ 28
Event: 3767.472 Thread 0x0000000002234800 Uncommon trap: reason=unhandled action=none pc=0x0000000003b8f030 method=java.lang.Integer.parseInt(Ljava/lang/String;I)I @ 204
Event: 3767.472 Thread 0x0000000002234800 Uncommon trap: reason=unhandled action=none pc=0x0000000004957144 method=sun.misc.FloatingDecimal.readJavaFormatString(Ljava/lang/String;)Lsun/misc/FloatingDecimal$ASCIIToBinaryConverter; @ 793

Internal exceptions (10 events):
Event: 3767.357 Thread 0x000000002517a000 Exception <a 'java/lang/InterruptedException': sleep interrupted> (0x00000000c0378fc0) thrown at [C:\re\workspace\8-2-build-windows-amd64-cygwin\jdk8u60\4407\hotspot\src\share\vm\prims\jvm.cpp, line 3215]
Event: 3767.374 Thread 0x000000002517a000 Exception <a 'java/lang/InterruptedException': sleep interrupted> (0x00000000c0379268) thrown at [C:\re\workspace\8-2-build-windows-amd64-cygwin\jdk8u60\4407\hotspot\src\share\vm\prims\jvm.cpp, line 3215]
Event: 3767.388 Thread 0x000000002517a000 Exception <a 'java/lang/InterruptedException': sleep interrupted> (0x00000000c171a410) thrown at [C:\re\workspace\8-2-build-windows-amd64-cygwin\jdk8u60\4407\hotspot\src\share\vm\prims\jvm.cpp, line 3215]
Event: 3767.405 Thread 0x000000002517a000 Exception <a 'java/lang/InterruptedException': sleep interrupted> (0x00000000c171a6b8) thrown at [C:\re\workspace\8-2-build-windows-amd64-cygwin\jdk8u60\4407\hotspot\src\share\vm\prims\jvm.cpp, line 3215]
Event: 3767.424 Thread 0x000000002517a000 Exception <a 'java/lang/InterruptedException': sleep interrupted> (0x00000000c171a960) thrown at [C:\re\workspace\8-2-build-windows-amd64-cygwin\jdk8u60\4407\hotspot\src\share\vm\prims\jvm.cpp, line 3215]
Event: 3767.438 Thread 0x000000002517a000 Exception <a 'java/lang/InterruptedException': sleep interrupted> (0x00000000c2b55828) thrown at [C:\re\workspace\8-2-build-windows-amd64-cygwin\jdk8u60\4407\hotspot\src\share\vm\prims\jvm.cpp, line 3215]
Event: 3767.455 Thread 0x000000002517a000 Exception <a 'java/lang/InterruptedException': sleep interrupted> (0x00000000c2b55ad0) thrown at [C:\re\workspace\8-2-build-windows-amd64-cygwin\jdk8u60\4407\hotspot\src\share\vm\prims\jvm.cpp, line 3215]
Event: 3767.474 Thread 0x000000002517a000 Exception <a 'java/lang/InterruptedException': sleep interrupted> (0x00000000c2b55d78) thrown at [C:\re\workspace\8-2-build-windows-amd64-cygwin\jdk8u60\4407\hotspot\src\share\vm\prims\jvm.cpp, line 3215]
Event: 3767.488 Thread 0x000000002517a000 Exception <a 'java/lang/InterruptedException': sleep interrupted> (0x00000000c2b56020) thrown at [C:\re\workspace\8-2-build-windows-amd64-cygwin\jdk8u60\4407\hotspot\src\share\vm\prims\jvm.cpp, line 3215]
Event: 3767.505 Thread 0x000000002517a000 Exception <a 'java/lang/InterruptedException': sleep interrupted> (0x00000000c4096bd8) thrown at [C:\re\workspace\8-2-build-windows-amd64-cygwin\jdk8u60\4407\hotspot\src\share\vm\prims\jvm.cpp, line 3215]

Events (10 events):
Event: 3767.472 Thread 0x0000000002234800 DEOPT PACKING pc=0x0000000004957144 sp=0x000000000247e960
Event: 3767.472 Thread 0x0000000002234800 DEOPT UNPACKING pc=0x000000000279582a sp=0x000000000247e8d8 mode 2
Event: 3767.472 Thread 0x0000000002234800 DEOPT PACKING pc=0x000000000426c3b4 sp=0x000000000247ea00
Event: 3767.472 Thread 0x0000000002234800 DEOPT UNPACKING pc=0x000000000279747f sp=0x000000000247e6c8 mode 1
Event: 3767.474 Thread 0x000000002517a000 DEOPT PACKING pc=0x0000000002b7f50c sp=0x000000002c55f370
Event: 3767.474 Thread 0x000000002517a000 DEOPT UNPACKING pc=0x000000000279747f sp=0x000000002c55f088 mode 1
Event: 3767.488 Thread 0x000000002517a000 DEOPT PACKING pc=0x0000000002b7f50c sp=0x000000002c55f370
Event: 3767.488 Thread 0x000000002517a000 DEOPT UNPACKING pc=0x000000000279747f sp=0x000000002c55f088 mode 1
Event: 3767.505 Thread 0x000000002517a000 DEOPT PACKING pc=0x0000000002b7f50c sp=0x000000002c55f370
Event: 3767.505 Thread 0x000000002517a000 DEOPT UNPACKING pc=0x000000000279747f sp=0x000000002c55f088 mode 1


Dynamic libraries:
0x000000013f2b0000 - 0x000000013f2e7000 	C:\Program Files\Java\jre1.8.0_60\bin\javaw.exe
0x0000000077050000 - 0x00000000771f9000 	C:\Windows\SYSTEM32\ntdll.dll
0x0000000076e30000 - 0x0000000076f4f000 	C:\Windows\system32\kernel32.dll
0x000007fefd190000 - 0x000007fefd1fc000 	C:\Windows\system32\KERNELBASE.dll
0x000007feff220000 - 0x000007feff2fb000 	C:\Windows\system32\ADVAPI32.dll
0x000007fefe0c0000 - 0x000007fefe15f000 	C:\Windows\system32\msvcrt.dll
0x000007fefdbc0000 - 0x000007fefdbdf000 	C:\Windows\SYSTEM32\sechost.dll
0x000007fefd320000 - 0x000007fefd44d000 	C:\Windows\system32\RPCRT4.dll
0x0000000076f50000 - 0x000000007704a000 	C:\Windows\system32\USER32.dll
0x000007fefd260000 - 0x000007fefd2c7000 	C:\Windows\system32\GDI32.dll
0x000007fefd250000 - 0x000007fefd25e000 	C:\Windows\system32\LPK.dll
0x000007fefdbf0000 - 0x000007fefdcb9000 	C:\Windows\system32\USP10.dll
0x000007fefb9f0000 - 0x000007fefbbe4000 	C:\Windows\WinSxS\amd64_microsoft.windows.common-controls_6595b64144ccf1df_6.0.7601.18837_none_fa3b1e3d17594757\COMCTL32.dll
0x000007fefd9d0000 - 0x000007fefda41000 	C:\Windows\system32\SHLWAPI.dll
0x000007fefd2f0000 - 0x000007fefd31e000 	C:\Windows\system32\IMM32.DLL
0x000007fefd450000 - 0x000007fefd559000 	C:\Windows\system32\MSCTF.dll
0x0000000078d10000 - 0x0000000078de2000 	C:\Program Files\Java\jre1.8.0_60\bin\msvcr100.dll
0x0000000058300000 - 0x0000000058b89000 	C:\Program Files\Java\jre1.8.0_60\bin\server\jvm.dll
0x000007fef7620000 - 0x000007fef7629000 	C:\Windows\system32\WSOCK32.dll
0x000007fefe070000 - 0x000007fefe0bd000 	C:\Windows\system32\WS2_32.dll
0x000007fefdbe0000 - 0x000007fefdbe8000 	C:\Windows\system32\NSI.dll
0x000007fef8170000 - 0x000007fef81ab000 	C:\Windows\system32\WINMM.dll
0x000007fefbf30000 - 0x000007fefbf3c000 	C:\Windows\system32\VERSION.dll
0x0000000077220000 - 0x0000000077227000 	C:\Windows\system32\PSAPI.DLL
0x000000005a570000 - 0x000000005a57f000 	C:\Program Files\Java\jre1.8.0_60\bin\verify.dll
0x000000005a500000 - 0x000000005a529000 	C:\Program Files\Java\jre1.8.0_60\bin\java.dll
0x000000006d610000 - 0x000000006d645000 	C:\Program Files\Java\jre1.8.0_60\bin\jdwp.dll
0x0000000050020000 - 0x0000000050028000 	C:\Program Files\Java\jre1.8.0_60\bin\npt.dll
0x000000005a3f0000 - 0x000000005a406000 	C:\Program Files\Java\jre1.8.0_60\bin\zip.dll
0x000007fefe160000 - 0x000007fefeee9000 	C:\Windows\system32\SHELL32.dll
0x000007fefef70000 - 0x000007feff173000 	C:\Windows\system32\ole32.dll
0x000007fefcea0000 - 0x000007fefceaf000 	C:\Windows\system32\profapi.dll
0x000000005a430000 - 0x000000005a439000 	C:\Program Files\Java\jre1.8.0_60\bin\dt_socket.dll
0x000007fefa990000 - 0x000007fefa9a5000 	C:\Windows\system32\NLAapi.dll
0x000007fef7a50000 - 0x000007fef7a65000 	C:\Windows\system32\napinsp.dll
0x000007fef76d0000 - 0x000007fef76e9000 	C:\Windows\system32\pnrpnsp.dll
0x000007fefc630000 - 0x000007fefc685000 	C:\Windows\System32\mswsock.dll
0x000007fefc4b0000 - 0x000007fefc50b000 	C:\Windows\system32\DNSAPI.dll
0x000007fef7a40000 - 0x000007fef7a4b000 	C:\Windows\System32\winrnr.dll
0x000007fef76c0000 - 0x000007fef76d0000 	C:\Windows\system32\wshbth.dll
0x000000006a8b0000 - 0x000000006a8d6000 	C:\Program Files\Bonjour\mdnsNSP.dll
0x000007fefa710000 - 0x000007fefa737000 	C:\Windows\system32\Iphlpapi.DLL
0x000007fefa700000 - 0x000007fefa70b000 	C:\Windows\system32\WINNSI.DLL
0x000007fef99f0000 - 0x000007fef9a1f000 	C:\Program Files\Common Files\Microsoft Shared\Windows Live\WLIDNSP.DLL
0x000007fefa5b0000 - 0x000007fefa603000 	C:\Windows\System32\fwpuclnt.dll
0x000007fef99e0000 - 0x000007fef99e8000 	C:\Windows\system32\rasadhlp.dll
0x000007fefc000000 - 0x000007fefc007000 	C:\Windows\System32\wshtcpip.dll
0x0000000050010000 - 0x000000005001d000 	C:\Program Files\Java\jre1.8.0_60\bin\management.dll
0x000000005bc60000 - 0x000000005bc7a000 	C:\Program Files\Java\jre1.8.0_60\bin\net.dll
0x000007fefc620000 - 0x000007fefc627000 	C:\Windows\System32\wship6.dll
0x000000005ba40000 - 0x000000005ba51000 	C:\Program Files\Java\jre1.8.0_60\bin\nio.dll
0x0000000180000000 - 0x0000000180051000 	C:\Users\toni\.gradle\caches\minecraft\net\minecraft\minecraft_natives\1.8\lwjgl64.dll
0x000007fef4f90000 - 0x000007fef50ad000 	C:\Windows\system32\OPENGL32.dll
0x000007fef54c0000 - 0x000007fef54ed000 	C:\Windows\system32\GLU32.dll
0x000007fef4e90000 - 0x000007fef4f81000 	C:\Windows\system32\DDRAW.dll
0x000007fef68e0000 - 0x000007fef68e8000 	C:\Windows\system32\DCIMAN32.dll
0x000007fefd7f0000 - 0x000007fefd9c7000 	C:\Windows\system32\SETUPAPI.dll
0x000007fefd210000 - 0x000007fefd246000 	C:\Windows\system32\CFGMGR32.dll
0x000007fefdf90000 - 0x000007fefe067000 	C:\Windows\system32\OLEAUT32.dll
0x000007fefcec0000 - 0x000007fefceda000 	C:\Windows\system32\DEVOBJ.dll
0x000007fefb030000 - 0x000007fefb048000 	C:\Windows\system32\dwmapi.dll
0x000007fefc690000 - 0x000007fefc6a8000 	C:\Windows\system32\CRYPTSP.dll
0x000007fefc390000 - 0x000007fefc3d7000 	C:\Windows\system32\rsaenh.dll
0x000007fefcef0000 - 0x000007fefcf0e000 	C:\Windows\system32\USERENV.dll
0x000007fefcd30000 - 0x000007fefcd3f000 	C:\Windows\system32\CRYPTBASE.dll
0x000007fefa580000 - 0x000007fefa591000 	C:\Windows\system32\dhcpcsvc6.DLL
0x000007fefa560000 - 0x000007fefa578000 	C:\Windows\system32\dhcpcsvc.DLL
0x000000006cfb0000 - 0x000000006d148000 	C:\Program Files\Java\jre1.8.0_60\bin\awt.dll
0x000007fefb810000 - 0x000007fefb866000 	C:\Windows\system32\uxtheme.dll
0x000007fefab30000 - 0x000007fefab38000 	C:\Windows\system32\atig6pxx.dll
0x0000000069030000 - 0x000000006a67b000 	C:\Windows\system32\atio6axx.dll
0x000007fef8020000 - 0x000007fef802e000 	C:\Windows\system32\atig6txx.dll
0x00000000665f0000 - 0x00000000666b8000 	C:\Windows\system32\aticfx64.dll
0x00000000020f0000 - 0x000000000214d000 	C:\Windows\system32\atiadlxx.dll
0x000007fefbf10000 - 0x000007fefbf21000 	C:\Windows\system32\WTSAPI32.dll
0x000007fefcf10000 - 0x000007fefcf4b000 	C:\Windows\system32\WINTRUST.dll
0x000007fefd010000 - 0x000007fefd17d000 	C:\Windows\system32\CRYPT32.dll
0x000007fefce90000 - 0x000007fefce9f000 	C:\Windows\system32\MSASN1.dll
0x000007feff180000 - 0x000007feff219000 	C:\Windows\system32\CLBCatQ.DLL
0x000007fef8840000 - 0x000007fef88dc000 	C:\Windows\system32\mscms.dll
0x000007fef7fd0000 - 0x000007fef8012000 	C:\Windows\system32\icm32.dll
0x000007fee0d50000 - 0x000007fee0f4f000 	C:\Windows\system32\d3d9.dll
0x000007fef7fc0000 - 0x000007fef7fc7000 	C:\Windows\system32\d3d8thk.dll
0x000007fefabb0000 - 0x000007fefabbd000 	C:\Windows\system32\atiu9p64.dll
0x0000000062ed0000 - 0x0000000063409000 	C:\Windows\system32\atiumd64.dll
0x0000000063580000 - 0x000000006394a000 	C:\Windows\system32\atiumd6a.dll
0x00000000773b0000 - 0x00000000773d4000 	C:\Program Files\Java\jre1.8.0_60\bin\sunec.dll
0x0000000070a40000 - 0x0000000070adc000 	C:\Users\toni\.gradle\caches\minecraft\net\minecraft\minecraft_natives\1.8\avutil-ttv-51.dll
0x0000000065980000 - 0x00000000659d6000 	C:\Users\toni\.gradle\caches\minecraft\net\minecraft\minecraft_natives\1.8\swresample-ttv-0.dll
0x000000006eb80000 - 0x000000006ec50000 	C:\Users\toni\.gradle\caches\minecraft\net\minecraft\minecraft_natives\1.8\libmp3lame-ttv.dll
0x000007fedf9a0000 - 0x000007fee0d44000 	C:\Users\toni\.gradle\caches\minecraft\net\minecraft\minecraft_natives\1.8\libmfxsw64.dll
0x000007feeb8c0000 - 0x000007feeba2d000 	C:\Users\toni\.gradle\caches\minecraft\net\minecraft\minecraft_natives\1.8\twitchsdk.dll
0x000007fefdcc0000 - 0x000007fefdeec000 	C:\Windows\system32\WININET.dll
0x000007fefcf50000 - 0x000007fefcf54000 	C:\Windows\system32\api-ms-win-downlevel-user32-l1-1-0.dll
0x000007fefcf60000 - 0x000007fefcf65000 	C:\Windows\system32\api-ms-win-downlevel-advapi32-l1-1-0.dll
0x000007fefceb0000 - 0x000007fefceb4000 	C:\Windows\system32\api-ms-win-downlevel-shlwapi-l1-1-0.dll
0x000007fefd180000 - 0x000007fefd184000 	C:\Windows\system32\api-ms-win-downlevel-version-l1-1-0.dll
0x000007fefcee0000 - 0x000007fefcee3000 	C:\Windows\system32\api-ms-win-downlevel-normaliz-l1-1-0.dll
0x0000000077210000 - 0x0000000077213000 	C:\Windows\system32\normaliz.DLL
0x000007fefd560000 - 0x000007fefd7ee000 	C:\Windows\system32\iertutil.dll
0x00000000161c0000 - 0x0000000016224000 	C:\Users\toni\.gradle\caches\minecraft\net\minecraft\minecraft_natives\1.8\OpenAL64.dll
0x000007fefb1f0000 - 0x000007fefb23b000 	C:\Windows\System32\MMDevApi.dll
0x000007fefb870000 - 0x000007fefb99c000 	C:\Windows\System32\PROPSYS.dll
0x000007fef50b0000 - 0x000007fef5138000 	C:\Windows\system32\dsound.dll
0x000007fefbee0000 - 0x000007fefbf0c000 	C:\Windows\system32\POWRPROF.dll
0x000007fef3ea0000 - 0x000007fef3eef000 	C:\Windows\system32\AUDIOSES.DLL
0x000007fef7b20000 - 0x000007fef7c45000 	C:\Windows\system32\dbghelp.dll

VM Arguments:
jvm_args: -agentlib:jdwp=transport=dt_socket,suspend=y,address=localhost:61928 -Xincgc -Xmx1024M -Xms1024M -Dfile.encoding=Cp1250 -Xmx1024M 
java_command: GradleStart
java_class_path (initial): C:\Users\toni\Desktop\Magiology 1.8\bin;C:\Users\toni\.gradle\caches\minecraft\net\minecraftforge\forge\1.8-11.14.3.1502\snapshot\20141130\forgeSrc-1.8-11.14.3.1502.jar;C:\Users\toni\.gradle\caches\modules-2\files-2.1\net.minecraft\launchwrapper\1.12\111e7bea9c968cdb3d06ef4632bf7ff0824d0f36\launchwrapper-1.12.jar;C:\Users\toni\.gradle\caches\modules-2\files-2.1\org.ow2.asm\asm-debug-all\5.0.3\f9e364ae2a66ce2a543012a4668856e84e5dab74\asm-debug-all-5.0.3.jar;C:\Users\toni\.gradle\caches\modules-2\files-2.1\com.typesafe.akka\akka-actor_2.11\2.3.3\ed62e9fc709ca0f2ff1a3220daa8b70a2870078e\akka-actor_2.11-2.3.3.jar;C:\Users\toni\.gradle\caches\modules-2\files-2.1\com.typesafe\config\1.2.1\f771f71fdae3df231bcd54d5ca2d57f0bf93f467\config-1.2.1.jar;C:\Users\toni\.gradle\caches\modules-2\files-2.1\org.scala-lang\scala-actors-migration_2.11\1.1.0\dfa8bc42b181d5b9f1a5dd147f8ae308b893eb6f\scala-actors-migration_2.11-1.1.0.jar;C:\Users\toni\.gradle\caches\modules-2\files-2.1\org.scala-lang\scala-compiler\2.11.1\56ea2e6c025e0821f28d73ca271218b8dd04926a\scala-compiler-2.11.1.jar;C:\Users\toni\.gradle\caches\modules-2\files-2.1\org.scala-lang.plugins\scala-continuations-library_2.11\1.0.2\e517c53a7e9acd6b1668c5a35eccbaa3bab9aac\scala-continuations-library_2.11-1.0.2.jar;C:\Users\toni\.gradle\caches\modules-2\files-2.1\org.scala-lang.plugins\scala-continuations-plugin_2.11.1\1.0.2\f361a3283452c57fa30c1ee69448995de23c60f7\scala-continuations-plugin_2.11.1-1.0.2.jar;C:\Users\toni\.gradle\caches\modules-2\files-2.1\org.scala-lang\scala-library\2.11.1\e11da23da3eabab9f4777b9220e60d44c1aab6a\scala-library-2.11.1.jar;C:\Users\toni\.gradle\caches\modules-2\files-2.1\org.scala-lang.modules\scala-parser-combinators_2.11\1.0.1\f05d7345bf5a58924f2837c6c1f4d73a938e1ff0\scala-parser-combinators_2.11-1.0.1.jar;C:\Users\toni\.gradle\caches\modules-2\files-2.1\org.scala-lang\scala-reflect\2.11.1\6580347e61cc7f8e802941e7fde40fa83b8badeb\scala-reflect-2.11.1.jar;C:\Users\t
Launcher Type: SUN_STANDARD

Environment Variables:
JAVA_HOME=C:\Program Files\Java\jdk1.7.0_60
_JAVA_OPTIONS=-Xmx1024M
PATH=C:/Program Files/Java/jre1.8.0_60/bin/server;C:/Program Files/Java/jre1.8.0_60/bin;C:/Program Files/Java/jre1.8.0_60/lib/amd64;C:\ProgramData\Oracle\Java\javapath;C:\Program Files\Common Files\Microsoft Shared\Windows Live;C:\Program Files (x86)\Common Files\Microsoft Shared\Windows Live;C:\Windows\system32;C:\Windows;C:\Windows\system32\wbem;C:\Windows\System32\WindowsPowerShell\v1.0;C:\Program Files (x86)\ATI Technologies\ATI.ACE\Core-Static;C:\Program Files (x86)\Calibre2;C:\Program Files (x86)\NVIDIA Corporation\DDS Utilities;C:\Program Files (x86)\Adobe\Photoshop 7.0;C:\Program Files (x86)\Common Files\Autodesk Shared;C:\Program Files (x86)\Autodesk\Backburner;C:\Program Files (x86)\QuickTime\QTSystem;C:\Program Files (x86)\QuickTime\QTSystem\;C:\Program Files (x86)\scala\bin;C:\Program Files (x86)\Skype\Phone\;C:\Users\toni\Desktop\Forge mods eclipse;C:\Program Files\Java\jdk7\bin;C:\Users\toni\Desktop\Forge mods eclipse;C:\Users\toni\Desktop\eclipse;
USERNAME=toni
OS=Windows_NT
PROCESSOR_IDENTIFIER=AMD64 Family 16 Model 4 Stepping 3, AuthenticAMD



---------------  S Y S T E M  ---------------

OS: Windows 7 , 64 bit Build 7601 (6.1.7601.18933)

CPU:total 2 (2 cores per cpu, 1 threads per core) family 16 model 4 stepping 3, cmov, cx8, fxsr, mmx, sse, sse2, sse3, popcnt, mmxext, 3dnowpref, lzcnt, sse4a, tsc, tscinvbit, tscinv

Memory: 4k page, physical 4193460k(1124740k free), swap 8385080k(2513384k free)

vm_info: Java HotSpot(TM) 64-Bit Server VM (25.60-b23) for windows-amd64 JRE (1.8.0_60-b27), built on Aug  4 2015 11:06:27 by "java_re" with MS VC++ 10.0 (VS2010)

time: Tue Sep 01 11:57:24 2015
elapsed time: 3767 seconds (0d 1h 2m 47s)

